Thunderbyte virus detector v6.11 - (C) Copyright 1989-1994, Thunderbyte B.V.ÿ

TbScan report,  11-29-1994  00:59:19

Parameters:  mo ll=1 co nb nm nh ns hr na ex ba lo ap el ln=c:\data\1_sigs.rpt c:\dd\1\*.*

The Poltergeist

C:\DD\1\!055.EXE	2E8C1E25002E8C1627002E892629
C:\DD\1\1575-E.COM	061E8CC00E1F0E07A335018CD0A3
C:\DD\1\15APR.COM	B84D4B90CD217203E927015E5690
C:\DD\1\4FILES.COM	5E81EE030156E8E3FF5E33C08EC0
C:\DD\1\666-B.COM	B42ACD2180FA0D7471FC5BB8AAD5
C:\DD\1\666.COM	B42ACD2180FA0D7471FC5BB8AAD5
C:\DD\1\66C.COM	5A83EA03525D8BF281C62102BF00
C:\DD\1\7SON.COM	5D81ED0301BE8B0103F5BF0001A5
C:\DD\1\7SON1.COM	5D81ED0301BE8B0103F5BF0001A5
C:\DD\1\7SON2.COM	5D81ED03018DB61602BF0001A5A5
C:\DD\1\7SON332G.COM	5D81ED03018DB61602BF0001A5A5
C:\DD\1\7SON350G.COM	5D81ED0301BE8B0103F5BF0001A5
C:\DD\1\ALA1560B.COM	50B430CD213C027210FCBBFFFFB4
C:\DD\1\ALA1560G.COM	50B430CD213C027210FCBBFFFFB4
C:\DD\1\ALABAMA.COM	50B430CD213C027210FCBBFFFFB4
C:\DD\1\AMILIA.COM	B84D4BCD21907203E925015E568B
C:\DD\1\ANTICST.COM	B84D4BCD217203E926015E568BFE
C:\DD\1\ANTICSTA.COM	B84D4BCD217203E926015E568BFE
C:\DD\1\ANTIFAG.COM	51BAB103FC8BF283C63A90BF0001
C:\DD\1\ARCREAP1.COM	5EB49F53511E06CD2183EE0380FC
C:\DD\1\ARCSCRLL.COM	589681EE17018DBC2B01B9D60280
C:\DD\1\ARCV-10.COM	BA6CFEBF1100E2FE472E81050000
C:\DD\1\ARCV-VX.COM	33F6C784FA03F0FFC784FC030001
C:\DD\1\ARCVREAP.COM	5EB49F53511E06CD2183EE0380FC
C:\DD\1\ARCVSCRG.COM	589681EE17018DBC2B01B9D60280
C:\DD\1\ARCVX2G.COM	33F6C784FA03F0FFC784FC030001
C:\DD\1\ASH-280.COM	5D81ED0B013EC6864702008DB604
C:\DD\1\ASH-743B.COM	5D81ED0B018986160433FFC7454A
C:\DD\1\ASH.COM	5D81ED0B013EC6864702008DB604
C:\DD\1\ASH280G1.COM	5D81ED0B013EC6864702008DB604
C:\DD\1\ASH743G1.COM	5D81ED0B018986160433FFC7454A
C:\DD\1\ATOMIC2B.COM	5D81ED08018DB6A702BF0001A5A5
C:\DD\1\ATOMICV3.COM	5D81ED08018DB6A702BF0001A5A5
C:\DD\1\BADTASTE.COM	B84D4BCD217203E926015E568BFE
C:\DD\1\BAMST-01.COM	BF1001BB01012E8135000047474B
C:\DD\1\BAMST-02.COM	BB1001BA03012E8107000043434A
C:\DD\1\BAMST-03.COM	B80101BD11012E81760000004545
C:\DD\1\BAMST-04.COM	BD1101B803012E81460000004545
C:\DD\1\BAMST-05.COM	BE0301BB10012E8107000043434E
C:\DD\1\BAMST-06.COM	B80101BB10012E81370000434348
C:\DD\1\BAMST-07.COM	B90101BE0F012E813400004646E2
C:\DD\1\BAMST-08.COM	B90301BB0F012E810700004343E2
C:\DD\1\BAMST-09.COM	B90101BD10012E81760000004545
C:\DD\1\BAMST-10.COM	BF0101BB10012E8137000043434F
C:\DD\1\BANDIT.COM	FA5B53FBC3000000000000000000
C:\DD\1\BEAST.COM	BA0301FC8BF283C619BF0001B903
C:\DD\1\BEST-B.COM	0000000000000000000000000000
C:\DD\1\BEST.COM	0000000000000000000000000000
C:\DD\1\BITAD-G.COM	5B83EB0333C08ED8813E860000A0
C:\DD\1\BREEZE.COM	9C505351521E06165657A12C02A3
C:\DD\1\BRENDA.COM	5E81EE0B018BACCE0181C503018D
C:\DD\1\BST1024G.COM	0000000000000000000000000000
C:\DD\1\BUSH.COM	51B80FFFCD213D01017503E95502
C:\DD\1\BW1024B.COM	0000000000000000000000000000
C:\DD\1\CAR446G.COM	5D5581C5FDFEB8CDABCD217344FA
C:\DD\1\CASPER1.COM	9090909090909090909090909090
C:\DD\1\CATANIA.COM	5E81EE030156E8E3FF5E29C05007
C:\DD\1\CEMETERY.COM	B84D4BCD217203E926015E568BFE
C:\DD\1\CH.COM	909090BC00FE505351525556571E
C:\DD\1\CPXK-G.COM	505351525756061EE800005B8BF3
C:\DD\1\CREEP-B.COM	B8FF4390CD218CD82D11008ED880
C:\DD\1\CREEPER.COM	B8FF43CD218CD82D11008ED8803E
C:\DD\1\CRP475G1.COM	B8FF43CD218CD82D11008ED8803E
C:\DD\1\DA-1800C.COM	4564646965206C697665732E2E2E
C:\DD\1\DA-1800G.COM	4564646965206C697665732E2E2E
C:\DD\1\DA-1801G.COM	4564646965206C697665732E2E2E
C:\DD\1\DA-1803G.COM	5E81EE6E00FC2E81BC08074D5A74
C:\DD\1\DA-MIR2.COM	4D2E492E522E202A2D2A2D2A2D2A
C:\DD\1\DA-MIRG1.COM	4D2E492E522E202A2D2A2D2A2D2A
C:\DD\1\DA-OLIVG.COM	42696C6C2074686520436174204C
C:\DD\1\DA-VAR4.COM	42696C6C2074686520436174204C
C:\DD\1\DAM-FIST.COM	00000000E800005DB8FFFFCD210B
C:\DD\1\DAMAGE.COM	95FC5B2EFF07B8AAD590CD213D03
C:\DD\1\DARKLORD.COM	508CC801060B0158EA0001020090
C:\DD\1\DARTH-2.COM	5E83EE038936F000A3FE0031C08E
C:\DD\1\DARTH.COM	5E83EE038936F000A3FE0031C08E
C:\DD\1\DARTH2.COM	5E83EE038936F000A3FE0031C08E
C:\DD\1\DARTH2B.COM	5E83EE038936F000A3FE0031C08E
C:\DD\1\DARTH2G1.COM	5E83EE038936F000A3FE0031C08E
C:\DD\1\DARTH3.COM	5B83EB06A3FE0031C08ED8C406AC
C:\DD\1\DARTH3B.COM	5B83EB06A3FE0031C08ED8C406AC
C:\DD\1\DARTH3G1.COM	5B83EB06A3FE0031C08ED8C406AC
C:\DD\1\DARTH4.COM	5B5033FF8EC7268E06AE00B90010
C:\DD\1\DARTH4B.COM	5B5033FF8EC7268E06AE00B90010
C:\DD\1\DARTH4G1.COM	5B5033FF8EC7268E06AE00B90010
C:\DD\1\DAT1168G.COM	2E8B36010183EE038BC63D000075
C:\DD\1\DCR1168B.COM	2E8B36010183EE038BC63D000075
C:\DD\1\DEI2358G.COM	9C505351521E06165657A12C02A3
C:\DD\1\DI-1K_A2.COM	95FC5B2EFF07B8AAD5CD213D552A
C:\DD\1\DI-1K_B2.COM	95FC5B2EFF07B8AAD5CD213D032A
C:\DD\1\DI-A-G1.COM	95FC5B2EFF07B8AAD5CD213D552A
C:\DD\1\DI-B-G1.COM	95FC5B2EFF07B8AAD5CD213D032A
C:\DD\1\DI-DAVDG.COM	95FC905B9090902EFF0790B8AAD5
C:\DD\1\DI-DMGAG.COM	95FC5B2EFF07B8AAD590CD213D03
C:\DD\1\DI-DMGBG.COM	95FC905B902EFF0790B8AAD590CD
C:\DD\1\DI-DMGE2.COM	95FC5B2EFF07B8AAD590CD213D03
C:\DD\1\DI-GREEM.COM	95FC5B2EFF07B8AAD5CD213D032A
C:\DD\1\DI-GREMG.COM	95FC5B2EFF07B8AAD5CD213D032A
C:\DD\1\DI-LUCI2.COM	95FC905B909090909090902EFF07
C:\DD\1\DI-LUCIG.COM	95FC905B909090909090902EFF07
C:\DD\1\DI-RCKAG.COM	B42ACD2180FA0D7471FC5BB8AAD5
C:\DD\1\DI-ROCK2.COM	B42ACD2180FA0D7471FC5BB8AAD5
C:\DD\1\DI-VAR1.COM	95FC905B9090902EFF0790B8AAD5
C:\DD\1\DIABOLIK.COM	B84D4BCD217203E926015E568BFE
C:\DD\1\DIAMOND.COM	95FC5B2EFF07B8AAD5CD213D032A
C:\DD\1\DR-NO.COM	5E81EE030156E8E3FF5E33C08EC0
C:\DD\1\DT-251B.COM	5E81EE0B018BACD10181C503018D
C:\DD\1\DT-BREN1.COM	5E81EE0B018BACCE0181C503018D
C:\DD\1\DT-BREN2.COM	5E81EE0B018BACCE0181C503018D
C:\DD\1\DT-VAR1.COM	5E81EE0B018BACAE0181C503018D
C:\DD\1\DT-VAR2.COM	5E5681EE0B018BAC1A0281C50301
C:\DD\1\EMF-683.COM	00000000E800005DB8FFFFCD210B
C:\DD\1\EMFII.COM	00000000E800005DB8FFFFCD210B
C:\DD\1\ENGLAND.COM	5E5681EE0B01E80900E80001EB30
C:\DD\1\ENIGMA-A.COM	FA5B53FBC3000000000000000000
C:\DD\1\ENIGMA-B.COM	FA5B53FBC3000000000000000000
C:\DD\1\ERASMUS.COM	B84D4B90CD217203E927015E5690
C:\DD\1\EU92421B.COM	5EB8FF4BCD21720A83C62DBF0001
C:\DD\1\EU92421G.COM	5EB8FF4BCD21720A83C62DBF0001
C:\DD\1\FAGGOT.COM	51BAB103FC8BF283C63A90BF0001
C:\DD\1\FRI416G1.COM	0E50505351525657551E89E5C746
C:\DD\1\GENIUS-C.COM	5D553E8A865D02B93A022E304600
C:\DD\1\GENIUS-D.COM	5D81ED060150535152565755061E
C:\DD\1\GENIUS-E.COM	5D81ED060150535152565755061E
C:\DD\1\GENIUS.COM	5D81ED060150535152565755061E
C:\DD\1\GOLGI20G.COM	5D81ED0301061EB83D3DCD213D3D
C:\DD\1\GOT-732.COM	1E0633C08EC0268B0E8400268B16
C:\DD\1\GOT-906.COM	1E0633C08EC0268B0E8400268B16
C:\DD\1\GOTCHA-B.COM	1E0633C08EC0268B0E8400268B16
C:\DD\1\GOTCHA.COM	1E0633C08EC0268B0E8400268B16
C:\DD\1\GOTCHA1.COM	1E0633C08EC0268B0E8400268B16
C:\DD\1\GOTCHA4.COM	33DBB107E8D500E2FBE85101CD20
C:\DD\1\GOTCHA6.COM	1E0633C08EC0268B0E8400268B16
C:\DD\1\GOTCHA7.COM	1E0633C08EC0268B0E8400268B16
C:\DD\1\GOTCHA9.COM	1E0633C08EC0268B0E8400268B16
C:\DD\1\GOTCHAA1.COM	1E0633C08EC0268B0E8400268B16
C:\DD\1\GP.EXE	B4F7CD2180FCF7730580FC03733A
C:\DD\1\GREEMLIN.COM	95FC5B2EFF07B8AAD5CD213D032A
C:\DD\1\GREEN.COM	5D81ED0B018986160433FFC7454A
C:\DD\1\GREMLIN.COM	95FC5B2EFF07B8AAD5CD213D032A
C:\DD\1\GRITHER.COM	51BA0903FC8BF281C60A00BF0001
C:\DD\1\GRNCAT2G.COM	061E8CC00E1F0E07A335018CD0A3
C:\DD\1\GUPPY-B.COM	5EB821358BD8CD21899C95008C84
C:\DD\1\GUPPY-G1.COM	5EB821358BD8CD21899C95008C84
C:\DD\1\HACKER-B.COM	5D5351061EF8B8534BCD2172151E
C:\DD\1\HIV.COM	B84D4BCD21907203E926015E568B
C:\DD\1\HORSE1.COM	5D5351061EF8B8534BCD2172151E
C:\DD\1\HORSE1B.COM	5D5351061EF8B8534BCD2172151E
C:\DD\1\HORSE2.COM	5D5351061EF8B84B4BCD2172151E
C:\DD\1\HORSE2B2.COM	5D5351061EF8B84B4BCD2172151E
C:\DD\1\HORSE4B.COM	5D83ED0C061E268E060200BF0900
C:\DD\1\HORSE8.COM	28DBB98C08BE5401FCAC30C3E2FB
C:\DD\1\HORSE8B.COM	28DBB98C08BE5401FCAC30C3E2FB
C:\DD\1\HRS1154G.COM	5D5351061EF8B8534BCD2172151E
C:\DD\1\HRS1160G.COM	5D5351061EF8B84B4BCD2172151E
C:\DD\1\HRS1776G.COM	5D83ED0C061E268E060200BF0900
C:\DD\1\HRS2248G.COM	28DBB98C08BE5401FCAC30C3E2FB
C:\DD\1\IGOR.COM	5D81ED060150535152565755061E
C:\DD\1\IRAQUI.COM	5190BA2803FC908BF29083C60A90
C:\DD\1\J-GP1-G1.EXE	B4F7CD2180FCF7730580FC03733A
C:\DD\1\J-MUM12G.COM	0681002E8C0685002E8C0689008C
C:\DD\1\J-SOLOG1.COM	9C56BE03018034B44681FEFC1475
C:\DD\1\J13-1201.COM	1EB80A00908ED8BB0A0090908EDB
C:\DD\1\JD-158G1.COM	BF00015750B90400E800005E83C6
C:\DD\1\JD_158B.COM	BF00015750B90400E800005E83C6
C:\DD\1\JULY13.COM	1EB80A00908ED8BB0A0090908EDB
C:\DD\1\JULY13B.COM	1EB80A00908ED8BB0A0090908EDB
C:\DD\1\KAMASYA.COM	B84D4BCD217203E926015E568BFE
C:\DD\1\KUANG-II.COM	B90300BF0001F3A48BF206B42FCD
C:\DD\1\KUANG.COM	B90300BF0001F3A48BF206B42FCD
C:\DD\1\LESSONG1.COM	4D909090E800005E81C6C200BF00
C:\DD\1\LISBON.COM	51BA5F03FC8BF281C66800BF0001
C:\DD\1\LISBON2.COM	51BAFE02FC8BF281C60A00BF0001
C:\DD\1\M-AMILG1.COM	B84D4BCD21907203E925015E568B
C:\DD\1\M-ANTICG.COM	B84D4BCD217203E926015E568BFE
C:\DD\1\M-CEM-G1.COM	B84D4BCD217203E926015E568BFE
C:\DD\1\M-D1778G.COM	B84D4BCD217203E929015E568BFE
C:\DD\1\M-DIA-G1.COM	B84D4BCD217203E926015E568BFE
C:\DD\1\M-ERA-G1.COM	B84D4B90CD217203E927015E5690
C:\DD\1\M-FINGEG.COM	B84D4BCD217203E926015E568BFE
C:\DD\1\M-HIV-G1.COM	B84D4BCD21907203E926015E568B
C:\DD\1\M-KAM-G1.COM	B84D4BCD217203E926015E568BFE
C:\DD\1\M-MIG-AG.COM	B84D4BCD217203E926015E568BFE
C:\DD\1\M-MIG-BG.COM	B84D4B90CD217203E927015E5690
C:\DD\1\M-MURP4G.COM	B84D4BCD217203E926015E568BFE
C:\DD\1\M-S1835G.COM	B84D4BCD217203E92C015E56908B
C:\DD\1\M-S1841G.COM	B84D4BCD217203E92C015E56908B
C:\DD\1\M-SWAMIG.COM	B84D4B90CD217203E927015E5690
C:\DD\1\M-TORMBG.COM	B84E4BCD217203E926015E568BFE
C:\DD\1\M-TORMDG.COM	B84F4BCD217203E926015E568BFE
C:\DD\1\MADE-G1.COM	5E5681EE0B01E80900E80001EB30
C:\DD\1\MANOWAR.COM	508CC801060B0158EA0001020090
C:\DD\1\MEMORAL.COM	51BA3F03FC8BF283C62D90BF0001
C:\DD\1\MIGRAM.COM	B84D4BCD217203E926015E568BFE
C:\DD\1\NENIGMA.COM	FA5B53FBC3000000000000000000
C:\DD\1\NPOX1686.COM	5D81ED060150535152565755061E
C:\DD\1\NPOX168G.COM	5D81ED060150535152565755061E
C:\DD\1\NPOX1800.COM	5D81ED060150535152565755061E
C:\DD\1\NPOX180G.COM	5D81ED060150535152565755061E
C:\DD\1\NPOX609.COM	5D553E8A865D02B93A022E304600
C:\DD\1\NPOX609G.COM	5D553E8A865D02B93A022E304600
C:\DD\1\NPOX963.COM	5D81ED060150535152565755061E
C:\DD\1\NPOX963G.COM	5D81ED060150535152565755061E
C:\DD\1\NYMPHO10.COM	BD00001E06B83D5DCD213D3D0074
C:\DD\1\OUTLAND.COM	42696C6C2074686520436174204C
C:\DD\1\PARASITE.COM	B90300BF0001F3A48BF206B42FCD
C:\DD\1\PCBB1273.COM	B8C7078BD889C1053936CD213BC1
C:\DD\1\PEST.COM	B84D4BCD217203E926015E568BFE
C:\DD\1\POX-1.COM	5D553E8A865D02B93A022E304600
C:\DD\1\PRED2.COM	8BE5FBB430BB4D49CD213D4D4975
C:\DD\1\PRIME-G1.COM	53BB2B01B94402512EA007013007
C:\DD\1\PS!KO.COM	5E81EE6E00FC2E81BC08074D5A74
C:\DD\1\PSARCV2G.COM	BE1001B9AEFE2E81040000464641
C:\DD\1\PSARCV7G.COM	BAFAFEBD11012E81760000004545
C:\DD\1\PSBAM-01.COM	BF1001BB01012E8135000047474B
C:\DD\1\PSBAM-02.COM	BB1001BA03012E8107000043434A
C:\DD\1\PSBAM-03.COM	B80101BD11012E81760000004545
C:\DD\1\PSBAM-04.COM	BD1101B803012E81460000004545
C:\DD\1\PSBAM-05.COM	BE0301BB10012E8107000043434E
C:\DD\1\PSBAM-07.COM	B90101BE0F012E813400004646E2
C:\DD\1\PSBAM-08.COM	B90301BB0F012E810700004343E2
C:\DD\1\PSBAM-09.COM	B90101BD10012E81760000004545
C:\DD\1\PSDEMOXG.COM	5D81ED03011E060E1F0E078DB679
C:\DD\1\PSDENNSG.COM	BA49FEE2FEBF1100472E81050000
C:\DD\1\REDHAIR.COM	CD202020568BFE03740256A5A55E
C:\DD\1\REDX.COM	5E81EE0301E81A00E81700E8D201
C:\DD\1\SCREAMER.COM	5DB430CD213C02765B33C048CD21
C:\DD\1\SCREAMII.COM	5D558BF52E8A8640032E8A964103
C:\DD\1\SENT-1G1.EXE	BAFC018EDA8C06320033ED8BC405
C:\DD\1\SENT-5G1.COM	BAC2028EDA8C06880033ED8BC405
C:\DD\1\SF-2838G.COM	5D558BF52E8A8640032E8A964103
C:\DD\1\SF-I-G1.COM	5DB430CD213C02765B33C048CD21
C:\DD\1\SF-STRNG.COM	935D8BF556B000B9AF02402E3004
C:\DD\1\SK.COM	5E83EE09B800008ED8893612030E
C:\DD\1\SK20H.COM	5E83EE09B800008ED8893612030E
C:\DD\1\SMALLEX@.COM	5D81ED03011E060E1F0E078DB677
C:\DD\1\SMALLVAR.COM	5D81ED03011E060E1F0E078DB679
C:\DD\1\SVIR-G1.EXE	2E8C1E25002E8C1627002E892629
C:\DD\1\TERR-TG1.COM	508CC801060B0158EA0001020090
C:\DD\1\TERROR-D.COM	508CC801060B0158EA0001020090
C:\DD\1\TERROR2.COM	508CC801060B0158EA0001020090
C:\DD\1\TESTVBG1.COM	0E1FB90D00BE7701BF4601F3A4B4
C:\DD\1\TIDI128B.COM	BE00010E5650568CC880C4108EC0
C:\DD\1\TIMD306G.COM	832EFCFF09BA2AFFB41ACD21E83E
C:\DD\1\TINY117.COM	CD202020568BFE03740256A5A55E
C:\DD\1\TINY177G.COM	5E81EE0B018BACAE0181C503018D
C:\DD\1\TINY251G.COM	5E81EE0B018BACD10181C503018D
C:\DD\1\TINY310G.COM	5E81EE0B018BAC370281C50301E8
C:\DD\1\TINYB.COM	5E81EE0B018BACAE0181C503018D
C:\DD\1\TINYBRNG.COM	5E81EE0B018BACCE0181C503018D
C:\DD\1\TINYC.COM	5E81EE0B018BACB10181C503018D
C:\DD\1\TINYD.COM	5E81EE0B018BACD10181C503018D
C:\DD\1\TINYF.COM	5E81EE0B018BAC370281C50301E8
C:\DD\1\TINYFV11.COM	5E81EE0B018BAC370281C50301E8
C:\DD\1\TINYWILD.COM	5E5681EE0B018BAC1A0281C50301
C:\DD\1\TOL0992G.COM	5E83EE09B800008ED8893612030E
C:\DD\1\TOL1004G.COM	5E83EE09B800008ED8893612030E
C:\DD\1\TOL1147G.COM	5E83EE090E1F0E0789366F04FCBF
C:\DD\1\TOLCRKG1.COM	5E83EE0956FCBF0001B90500F3A4
C:\DD\1\TPE611.COM	5D81ED0301B430CD2181FB434274
C:\DD\1\TPE90210.COM	5D83ED04B8ADDECD213DAAAA7447
C:\DD\1\TRBK306G.COM	0000000000000000000000000000
C:\DD\1\TSOTL.COM	B94000BE8000FF344646E2FAB44E
C:\DD\1\V-353-G1.COM	5BBF00015750FC8D77FAA5A48BF3
C:\DD\1\V-353B.COM	5BBF00015750FC8D77FAA5A48BF3
C:\DD\1\V-367-G1.COM	BF00015750E80100905B83EB1BFC
C:\DD\1\V-367B.COM	BF00015750E80100905B83EB1BFC
C:\DD\1\V-435-G1.COM	5B83EB18FC8D37BF0001B90300F3
C:\DD\1\V-435B.COM	5B83EB18FC8D37BF0001B90300F3
C:\DD\1\V-583A2.COM	BAC202FC8BF283C60A90BF0001B9
C:\DD\1\V-583AG1.COM	BAC202FC8BF283C60A90BF0001B9
C:\DD\1\V-627-G1.COM	51BAFE02FC8BF281C60A00BF0001
C:\DD\1\V-627B.COM	51BAFE02FC8BF281C60A00BF0001
C:\DD\1\V-719G1.COM	51BA4403FC8BF281C61D00B90300
C:\DD\1\V-BETAB2.COM	51BA1C03FC8BF283C61890BF0001
C:\DD\1\V-BETABG.COM	51BA1C03FC8BF283C61890BF0001
C:\DD\1\V-BNB-G1.COM	BA0301FC8BF283C619BF0001B903
C:\DD\1\V-BNB2.COM	BA0301FC8BF283C619BF0001B903
C:\DD\1\V-BUSH.COM	51B80FFFCD213D01017503E95502
C:\DD\1\V-CHVIOB.COM	51BAAD03FC8BF281C69B11BF0001
C:\DD\1\V-FAGGOT.COM	51BAB103FC8BF283C63A90BF0001
C:\DD\1\V-GRITH1.COM	51BA0903FC8BF281C60A00BF0001
C:\DD\1\V-GRITHB.COM	51BA0903FC8BF281C60A00BF0001
C:\DD\1\V-INTRC2.COM	BA7104FC8BF290909090909083C6
C:\DD\1\V-IRAQI2.COM	5190BA2803FC908BF29083C60A90
C:\DD\1\V-IRAQUI.COM	5190BA2803FC908BF29083C60A90
C:\DD\1\V-MEMO2G.COM	51BA3F03FC8BF283C62D90BF0001
C:\DD\1\V-PAR-G1.COM	B90300BF0001F3A48BF206B42FCD
C:\DD\1\V-PAR2BG.COM	B90300BF0001F3A48BF206B42FCD
C:\DD\1\V-PARA_B.COM	B90300BF0001F3A48BF206B42FCD
C:\DD\1\V-SMOB1B.COM	51BAD303FC8BF281C6BF00B90300
C:\DD\1\V-VAR1.COM	51BA5F03FC8BF283C66890BF0001
C:\DD\1\V-VENG2.COM	51BA2703FC8BF283C63DBF0001B9
C:\DD\1\V-VENGEA.COM	51BA2703FC8BF283C63DBF0001B9
C:\DD\1\V-VH348B.COM	5BBF00015750FC8D77FAA5A48BF3
C:\DD\1\V-VHP348.COM	5BBF00015750FC8D77FAA5A48BF3
C:\DD\1\V-VILAG1.COM	51BA4103FC8BF281C64C00B90300
C:\DD\1\V-VILB1G.COM	51BA4103FC8BF283C61D90B90300
C:\DD\1\V-VILB2G.COM	51BA1904FC8BF283C64290B90300
C:\DD\1\V-VILB3C.COM	51BA5F03FC8BF283C66890BF0001
C:\DD\1\V-VILB3G.COM	51BA9903FC8BF283C64490BF0001
C:\DD\1\V-VILB4G.COM	51BAAD03FC8BF281C69B11BF0001
C:\DD\1\V-VIOB2B.COM	51BA1904FC8BF283C64290B90300
C:\DD\1\V-VIOB3B.COM	51BA9903FC8BF283C64490BF0001
C:\DD\1\V-VIOBB.COM	51BA4103FC8BF283C61D90B90300
C:\DD\1\V-VIPER.COM	51BA7703FC8BF29083C60A9090BF
C:\DD\1\V-VIPRZ2.COM	51BA7703FC8BF29083C60A9090BF
C:\DD\1\V1024-A.COM	95FC5B2EFF07B8AAD5CD213D552A
C:\DD\1\V1024.COM	95FC5B2EFF07B8AAD5CD213D552A
C:\DD\1\V2PXCASG.COM	9090909090909090909090909090
C:\DD\1\VCS101.COM	5E81EE030156E8E3FF5E33C08EC0
C:\DD\1\VCSVCSG1.COM	5E81EE030156E8E3FF5E33C08EC0
C:\DD\1\VCS_INF.COM	5E81EE030156E8E3FF5E33C08EC0
C:\DD\1\VENG.COM	51BA2703FC8BF283C63DBF0001B9
C:\DD\1\VHP-348.COM	5BBF00015750FC8D77FAA5A48BF3
C:\DD\1\VHP-353.COM	5BBF00015750FC8D77FAA5A48BF3
C:\DD\1\VHP-367.COM	BF00015750E80100905B83EB1BFC
C:\DD\1\VHP-435.COM	5B83EB18FC8D37BF0001B90300F3
C:\DD\1\VHP-627.COM	51BAFE02FC8BF281C60A00BF0001
C:\DD\1\VIOL-B.COM	51BA4103FC8BF283C61D90B90300
C:\DD\1\VIOL-B2.COM	51BA1904FC8BF283C64290B90300
C:\DD\1\VIOL-B3.COM	51BA9903FC8BF283C64490BF0001
C:\DD\1\VIOL-C.COM	51BA5F03FC8BF283C66890BF0001
C:\DD\1\VIOL.COM	51BAAD03FC8BF281C69B11BF0001
C:\DD\1\VIOLITE.COM	51BA3F03FC8BF281C62101BF0001
C:\DD\1\VIPERIZE.COM	51BA7703FC8BF29083C60A9090BF
C:\DD\1\VIR106E1.COM	909090BC00FE505351525556571E
C:\DD\1\VIRD106E.COM	909090BC00FE505351525556571E
C:\DD\1\VIRDEM.COM	909090BC00FE505351525556571E
C:\DD\1\VIRDKILL.COM	909090BC00FE505351525556571E
C:\DD\1\VIRDLOCK.COM	909090BC00FE505351525556571E
C:\DD\1\VIRDVAR1.COM	909090BC00FE505351525556571E
C:\DD\1\VIRDWOND.COM	909090BC00FE505351525556571E
C:\DD\1\VIRU090G.COM	33D2CC4ABD9E017279737A446F6E
C:\DD\1\VIRU101M.COM	73111A02E90700909090902A2E0A
C:\DD\1\VIRUS-90.COM	33D2CC4ABD9E017279737A446F6E
C:\DD\1\VIRUS.COM	5E81EE030156E8E3FF5E33C08EC0
C:\DD\1\VIRUS101.COM	73111A02E90700909090902A2E0A
C:\DD\1\VIRUS2.COM	51BAFE02FC8BF281C60A00BF0001
C:\DD\1\VIRUS90B.COM	33D2CC4ABD9E017279737A446F6E
C:\DD\1\X-1.COM	B8CD20A30001C7060303F0FFC706
C:\DD\1\Y-BANDT1.COM	FA5B53FBC3000000000000000000
C:\DD\1\Y-BLKWZ2.COM	FA5B53FBC3000000000000000000
C:\DD\1\Y-ENIGM2.COM	FA5B53FBC3000000000000000000
C:\DD\1\Y-YANK1B.COM	FA5B53FBC3000000000000000000
C:\DD\1\YANSHORT.COM	FA5B53FBC3000000000000000000
C:\DD\1\YNK-BLKW.COM	FA5B53FBC3000000000000000000
C:\DD\1\YNK-BNG1.COM	FA5B53FBC3000000000000000000
C:\DD\1\YNK-ENIG.COM	FA5B53FBC3000000000000000000
C:\DD\1\YNK-OLD1.COM	FA5B53FBC3000000000000000000
C:\DD\1\Z-HUNT.COM	5E8EC0BF1C0226803DE8742DB99F
C:\DD\1\ZEROHUG1.COM	5E8EC0BF1C0226803DE8742DB99F
C:\DD\1\PSARCV8G.COM	BAB5FEBB10012E81070000434342
C:\DD\1\PS574G.COM	BB1000B918012E8137000083EBFE
C:\DD\1\V-849G.COM	51BA4703FC8BF281C69C00BF0001
C:\DD\1\TINY180G.COM	5E81EE0B018BACB10181C503018D
C:\DD\1\PS-DEMEX.COM	5D81ED03011E060E1F0E078DB679
C:\DD\1\CEMETARY.EXE	B84D4BCD217203E926015E568BFE
C:\DD\1\CEMETERY.EXE	B84D4BCD217203E926015E568BFE
C:\DD\1\CREEPER.EXE	B8FF43CD218CD82D11008ED8803E
C:\DD\1\CRP475A.EXE	B8FF43CD218CD82D11008ED8803E
C:\DD\1\DA-1800C.EXE	4564646965206C697665732E2E2E
C:\DD\1\DA-1803B.EXE	5E81EE6E00FC2E81BC08074D5A74
C:\DD\1\DA-MIR2.EXE	4D2E492E522E202A2D2A2D2A2D2A
C:\DD\1\DA-OLIVB.EXE	42696C6C2074686520436174204C
C:\DD\1\DARKLORD.EXE	508CC801060B0158EA0001020090
C:\DD\1\DEICIDE3.COM	9C505351521E06165657A12C02A3
C:\DD\1\DI-A2.EXE	95FC5B2EFF07B8AAD5CD213D552A
C:\DD\1\DI-B2.EXE	95FC5B2EFF07B8AAD5CD213D032A
C:\DD\1\DI-DAVDB.EXE	95FC905B9090902EFF0790B8AAD5
C:\DD\1\DI-DMGE2.EXE	95FC5B2EFF07B8AAD590CD213D03
C:\DD\1\DI-GREEM.EXE	95FC5B2EFF07B8AAD5CD213D032A
C:\DD\1\DI-LUCI2.EXE	95FC905B909090909090902EFF07
C:\DD\1\DI-ROCK2.EXE	B42ACD2180FA0D7471FC5BB8AAD5
C:\DD\1\DIABOLIK.EXE	B84D4BCD217203E926015E568BFE
C:\DD\1\DIAMOND.EXE	95FC5B2EFF07B8AAD5CD213D032A
C:\DD\1\DT-117A.COM	CD202020568BFE03740256A5A55E
C:\DD\1\DT-310A.COM	5E81EE0B018BAC370281C50301E8
C:\DD\1\ENIGMA.EXE	FA5B53FBC3000000000000000000
C:\DD\1\EU92421B.EXE	5EB8FF4BCD21720A83C62DBF0001
C:\DD\1\GOTCHA4.EXE	33DBB107E8D500E2FBE85101CD20
C:\DD\1\GOTCHAA1.EXE	1E0633C08EC0268B0E8400268B16
C:\DD\1\HIV.EXE	B84D4BCD21907203E926015E568B
C:\DD\1\HO1154A2.EXE	5D5351061EF8B8534BCD2172151E
C:\DD\1\HO1160A2.EXE	5D5351061EF8B84B4BCD2172151E
C:\DD\1\HO1776A2.EXE	5D83ED0C061E268E060200BF0900
C:\DD\1\HO2248A2.EXE	28DBB98C08BE5401FCAC30C3E2FB
C:\DD\1\JULY13B.EXE	1EB80A00908ED8BB0A0090908EDB
C:\DD\1\LESSON1B.COM	4D909090E800005E81C6C200BF00
C:\DD\1\M-AMIL_B.EXE	B84D4BCD21907203E925015E568B
C:\DD\1\M-ANTIC2.EXE	B84D4BCD217203E926015E568BFE
C:\DD\1\M-CEMTR2.EXE	B84D4BCD217203E926015E568BFE
C:\DD\1\M-DIABL2.EXE	B84D4BCD217203E926015E568BFE
C:\DD\1\M-ERASM2.EXE	B84D4B90CD217203E927015E5690
C:\DD\1\M-FINGER.EXE	B84D4BCD217203E926015E568BFE
C:\DD\1\M-HIV2.EXE	B84D4BCD21907203E926015E568B
C:\DD\1\M-KMSYA2.EXE	B84D4BCD217203E926015E568BFE
C:\DD\1\M-MIGRA2.EXE	B84D4BCD217203E926015E568BFE
C:\DD\1\M-MIGRB2.EXE	B84D4B90CD217203E927015E5690
C:\DD\1\M-MURP4B.EXE	B84D4BCD217203E926015E568BFE
C:\DD\1\M-SM1842.EXE	B84D4BCD217203E92C015E56908B
C:\DD\1\M-SWAMIB.EXE	B84D4B90CD217203E927015E5690
C:\DD\1\M-TORMD2.EXE	B84F4BCD217203E926015E568BFE
C:\DD\1\MADE-B.COM	5E5681EE0B01E80900E80001EB30
C:\DD\1\MPALIEN1.EXE	B81501BF10002E81350000474748
C:\DD\1\MPALIEN3.EXE	BD1100BA30012E81460000004545
C:\DD\1\MPARCV2.EXE	BE1001B9AEFE2E81040000464641
C:\DD\1\MPARCV7B.EXE	BAFAFEBD11012E81760000004545
C:\DD\1\MUAD'DIB.EXE	505351525756061EE800005B8BF3
C:\DD\1\NPOX1686.EXE	5D81ED060150535152565755061E
C:\DD\1\NPOX1800.EXE	5D81ED060150535152565755061E
C:\DD\1\NPOX609.EXE	5D553E8A865D02B93A022E304600
C:\DD\1\NPOX963.EXE	5D81ED060150535152565755061E
C:\DD\1\PRIME-B.COM	53BB2B01B94402512EA007013007
C:\DD\1\SF-IIA2.COM	5D558BF52E8A8640032E8A964103
C:\DD\1\SF-SCRM2.EXE	5DB430CD213C02765B33C048CD21
C:\DD\1\SMALLEX2.COM	5D81ED03011E060E1F0E078DB679
C:\DD\1\SMALLEXE.COM	5D81ED03011E060E1F0E078DB677
C:\DD\1\SMOB1A.COM	51BAD303FC8BF281C6BF00B90300
C:\DD\1\T-DI128B.COM	BE00010E5650568CC880C4108EC0
C:\DD\1\TERROR-D.EXE	508CC801060B0158EA0001020090
C:\DD\1\TERROR2.EXE	508CC801060B0158EA0001020090
C:\DD\1\TOL0992A.COM	5E83EE09B800008ED8893612030E
C:\DD\1\TOL1004B.COM	5E83EE09B800008ED8893612030E
C:\DD\1\TOL1147A.COM	5E83EE090E1F0E0789366F04FCBF
C:\DD\1\V-719A.COM	51BA4403FC8BF281C61D00B90300
C:\DD\1\V-MEM20B.COM	51BA3F03FC8BF283C62D90BF0001
C:\DD\1\V-PARA1B.COM	B90300BF0001F3A48BF206B42FCD
C:\DD\1\V-VIOB1B.COM	51BA4103FC8BF283C61D90B90300
C:\DD\1\V-VIOB3D.COM	51BA5F03FC8BF283C66890BF0001
C:\DD\1\V-VIOB4B.COM	51BAAD03FC8BF281C69B11BF0001
C:\DD\1\VIRUS90B.EXE	33D2CC4ABD9E017279737A446F6E
C:\DD\1\V_LES1.COM	4D909090E800005E81C6C200BF00
C:\DD\1\Y-BANDT1.EXE	FA5B53FBC3000000000000000000
C:\DD\1\Y-BLKWZ2.EXE	FA5B53FBC3000000000000000000
C:\DD\1\Y-ENIGM2.EXE	FA5B53FBC3000000000000000000
C:\DD\1\Y-YANK1B.EXE	FA5B53FBC3000000000000000000
C:\DD\1\YANSHORT.EXE	FA5B53FBC3000000000000000000
C:\DD\1\SCAN.RPT	5669727573207363616E6E696E67
C:\DD\1\FILE_ID.DIZ	FE2DFE2DFE2DFE2DFE2DFE2DFE2D
C:\DD\1\IVB.NTZ	A1FE0ACECAC8CAD2BAD1BCB0B200


Found 441 files in 1 directories, 439 files seem to be executable.
0 files were checked for changes, 0 files have been changed.

0 files are infected by one or more viruses


