Thunderbyte virus detector v6.11 - (C) Copyright 1989-1994, Thunderbyte B.V.ÿ

TbScan report,  11-29-1994  00:57:48

Parameters:  mo ll=1 co nb nm nh ns hr na ex ba lo ap el ln=c:\data\e-f_sigs.rpt c:\crs\e-f\*.*

The Poltergeist

C:\CRS\E-F\IVB.NTZ	A1FE0BBAD2BCB0B3B681D1BCB0B2
C:\CRS\E-F\E-COLI~.COM	BE0301B95801813400004646E2F8
C:\CRS\E-F\EAR.COM	BB1301B900022E8137000083C302
C:\CRS\E-F\EARTH.EXE	BF030190B9330281355D014747E2
C:\CRS\E-F\EARTH.COM	FCB4E0CD213D00E0731680FC0372
C:\CRS\E-F\EARTHDAY.COM	5D81ED0601E802038DB61603BF00
C:\CRS\E-F\EARV1.EXE	BE6401BB15002E8137493643434E
C:\CRS\E-F\EARV2.COM	BB1301B901022E8137000083C302
C:\CRS\E-F\EAR_6.COM	BB1301B900022E8137000083C302
C:\CRS\E-F\EDDIE-B.EXE	4564646965206C697665732E2E2E
C:\CRS\E-F\EDDIE2A.COM	5B83EB03502BC08EC026A184002E
C:\CRS\E-F\EDV.COM	B800E833DB8ED8C7078118813F81
C:\CRS\E-F\EGA.EXE	FC062E8C0631002E8C0639002E8C
C:\CRS\E-F\EGG.COM	5D83ED03CD6C3C58746EBBFFFFB4
C:\CRS\E-F\EIGHTUNE.COM	8CC805100250B8C00250CB909090
C:\CRS\E-F\EKOTERR.COM	FA8CC83D40007703E95501051000
C:\CRS\E-F\ELIZA.COM	5053515257568B0E6B05518B3669
C:\CRS\E-F\ELVIS.EXE	FF26040108010000FCE80A00BED4
C:\CRS\E-F\EMF.COM	5DB9200290909090908DB64D008A
C:\CRS\E-F\EMF404A.COM	5DE421500C02E621B94C018DB648
C:\CRS\E-F\EMF625A.COM	5DB9200290909090908DB64D008A
C:\CRS\E-F\EMFII.COM	00000000E800005DB8FFFFCD210B
C:\CRS\E-F\EMULATE.EXE	FC062E8C0631002E8C0639002E8C
C:\CRS\E-F\ENCROACH.EXE	5AB104D3EA83EA108CD903CABA27
C:\CRS\E-F\ENIGMA.COM	FA5B53FBC3000000000000000000
C:\CRS\E-F\ENIGMA2.COM	FA5B53FBC3000000000000000000
C:\CRS\E-F\ETC.COM	B8E953A3FC00B80C01A3FE00BAD0
C:\CRS\E-F\EU92421.COM	5EB8FF4BCD21720A83C62DBF0001
C:\CRS\E-F\EU92421B.COM	5EB8FF4BCD21720A83C62DBF0001
C:\CRS\E-F\EU92424A.COM	5EB8FF4BCD21720A83C62DBF0001
C:\CRS\E-F\EUPM.EXE	2E8C0601008CC88ED8B9A006BF03
C:\CRS\E-F\EUROPE92.COM	5EB8FF4BCD21720A83C62DBF0001
C:\CRS\E-F\EVIL-D.COM	95BF000147033D8BF733C0BA4003
C:\CRS\E-F\EXEV_SR.EXE	BA0A01B409CD21E906090A0D82A0
C:\CRS\E-F\EXEV_SR.COM	BA0A01B409CD21E906090A0D82A0
C:\CRS\E-F\EXPLODE.COM	B44EB120BA8201CD21B8013DBA9E
C:\CRS\E-F\F-WORD.COM	061E0E1FCD12B106D3E08EC0BAC6
C:\CRS\E-F\F1-337.COM	B4F1BE5102FCCD21B44ABB3600CD
C:\CRS\E-F\FACES.COM	FCB4E0CD2180FCE0731680FC0372
C:\CRS\E-F\FALLDROP.COM	BA4B02FE0E5C00785FBA6D01E859
C:\CRS\E-F\FATMAN.COM	FF5D81ED0C01B41A8D96B301CD21
C:\CRS\E-F\FCB.COM	90BE7002BF4B02B92500FCACAAE2
C:\CRS\E-F\FEIST.COM	3C4674434EC604460E1FE885008C
C:\CRS\E-F\FELLOW.EXE	B800D0CD2181FB341275248CC383
C:\CRS\E-F\FF-MOSQ.EXE	5650BE49002E8A242E32261E002E
C:\CRS\E-F\FF-PISEL.EXE	33C08EC0B81100263906FE03752E
C:\CRS\E-F\FF-TOPO.EXE	FA0633C08EC0B82B002687060C00
C:\CRS\E-F\FGT.COM	5053515256579C1EE830028B1E3A
C:\CRS\E-F\FICHV20.COM	2EA073013C2A7503E99F00B80135
C:\CRS\E-F\FICHV21.COM	2EA072013C2A7503E99400B80135
C:\CRS\E-F\FIL.COM	B8C7078BD889C1053936CD213BC1
C:\CRS\E-F\FILEHID2.COM	5E83EE03568B84FB02A300018A84
C:\CRS\E-F\FILEHIDE.COM	5E83EE03568B84FB02A300018A84
C:\CRS\E-F\FINN709.COM	F0B86635FFE0AB436F7079726967
C:\CRS\E-F\FISH.COM	5B81EBA90DB9580D2E80370D43E2
C:\CRS\E-F\FISH#6.COM	5B81EBA90DB9580D2E80371543E2
C:\CRS\E-F\FLASH.COM	1E060E1FFCE800005E8BDE81C30F
C:\CRS\E-F\FLASH688.COM	1E060E1FFCE800005E8BDE81C30F
C:\CRS\E-F\FLDATE11.EXE	501E060E1F1E07BB15002E803731
C:\CRS\E-F\FLEXITUP.COM	5D81ED0300E8CA01B74D4EC22E32
C:\CRS\E-F\FLIP.COM	E2EAE9BCF8F0E9F0E9F0E9F0E9F0
C:\CRS\E-F\FLIP2343.COM	E2F5E90CF8FE12FE12FE12FE12FE
C:\CRS\E-F\FLIPTROJ.COM	FA33C08ED0BC007C1607BB780036
C:\CRS\E-F\FLP2153C.COM	E2F2E9C5F8623862386238623862
C:\CRS\E-F\FLP2153D.COM	E2F1E9CBF8286928692869286928
C:\CRS\E-F\FLP2343.COM	E2F5E90CF8FE12FE12FE12FE12FE
C:\CRS\E-F\FONESEX.COM	B90700B44ECD217309EB4790B44F
C:\CRS\E-F\FORGER.EXE	B203B600B100B500B80102BF6587
C:\CRS\E-F\FORMAT.COM	51BA2A84FC8BF281C69B11BF0001
C:\CRS\E-F\FREEW692.COM	33EDB42ACD2181F9C907720680FE
C:\CRS\E-F\FREEW718.COM	33ED068EC5268B0EFE01268B1EFC
C:\CRS\E-F\FRODO.COM	81FC0001770233E48BE8E8000059
C:\CRS\E-F\FROGS-A.COM	FA505351525657551E06E8E404A1
C:\CRS\E-F\FROGSB.COM	FA505351525657551E06E8E404A1
C:\CRS\E-F\FUCKYOU.COM	061E0E1FCD12B106D3E08EC0BAC6
C:\CRS\E-F\FUTHARK.COM	B89942CD21EB064459CA03CA04B9
C:\CRS\E-F\FYOU-V1.COM	FD07909090909090909090909090
C:\CRS\E-F\FYOU417A.COM	061E0E1FCD12B106D3E08EC0BAC6
C:\CRS\E-F\FACE.COM	B80C0F8BE0F6060401FF7403E9FD
C:\CRS\E-F\FACE2.COM	B80C0F8BE0F6060401FF7403E9FD
C:\CRS\E-F\FROGGIE.COM	BBFFFFB44ACD2181EBF01F7318BA
C:\CRS\E-F\FALCON.EXE	BAC7008EDA8C06380033ED8BC405


Found 87 files in 1 directories, 86 files seem to be executable.
0 files were checked for changes, 0 files have been changed.

0 files are infected by one or more viruses


