Thunderbyte virus detector v6.11 - (C) Copyright 1989-1994, Thunderbyte B.V.ÿ

TbScan report,  11-29-1994  00:58:25

Parameters:  mo ll=1 co nb nm nh ns hr na ex ba lo ap el ln=c:\data\g-h_sigs.rpt c:\crs\g-h\*.*

The Poltergeist

C:\CRS\G-H\IVB.NTZ	A1FE08B8BABAB4D1BCB0B2000000
C:\CRS\G-H\GAME770.EXE	8B360101BF000103F756B90300FC
C:\CRS\G-H\GEEK.COM	0EBE4C0156C3EB1B546865207669
C:\CRS\G-H\GEN12.COM	5D81ED0601E8C7028DB6D302BF00
C:\CRS\G-H\GENERIC.COM	909090B8000026A38F0226A39102
C:\CRS\G-H\GENGHIS.COM	5E372D2D2D3E205E3552656E6567
C:\CRS\G-H\GERG-182.COM	A1AB0150B41ABA80FFCD21B44EBA
C:\CRS\G-H\GERG_222.COM	A14C0150BA80FFB41ACD21B92000
C:\CRS\G-H\GERG_300.COM	A18D0150BA80FFB41ACD21BA2902
C:\CRS\G-H\GERG_450.COM	A1910150BA80FFB41ACD21BABF02
C:\CRS\G-H\GERG_512.COM	A1580150C7062C020000BA80FFB4
C:\CRS\G-H\GETCLOCK.COM	80FC3D741480FC3C740F80FC3E74
C:\CRS\G-H\GHOST.COM	51BA1803FC8BF281C60A00BF0001
C:\CRS\G-H\GIRAFFE.COM	5039F729C081C845C1BE7AC09393
C:\CRS\G-H\GLISS.COM	5EE8A70183BCDF04017402CD20E8
C:\CRS\G-H\GOBLIN.COM	BE26018BFE8B0E08018B160201B8
C:\CRS\G-H\GOLDGELD.COM	BE000156B91F03C704CA73C64402
C:\CRS\G-H\GOOBER.COM	5D81ED06018DB6B002BF000157A5
C:\CRS\G-H\GOOBER2.COM	5D81ED06018DB60803BF000157A5
C:\CRS\G-H\GOSIA.COM	BE91055681C64401B90300BF0001
C:\CRS\G-H\GOTCHA17.COM	5E83EE1CBF0001FC2E807C180074
C:\CRS\G-H\GOTCHA4.COM	33DBB107E8D500E2FBE85101CD20
C:\CRS\G-H\GOTCHA9.COM	1E0633C08EC0268B0E8400268B16
C:\CRS\G-H\GOTCHAA.COM	5B81EBC0039CFC2E80BF39010074
C:\CRS\G-H\GOTCHAA1.COM	1E0633C08EC0268B0E8400268B16
C:\CRS\G-H\GOTCHAB.COM	5B81EBC2039CFC2E80BF39010074
C:\CRS\G-H\GOTCHAE.COM	5B81EB3602FC8BC3050E018BF0BF
C:\CRS\G-H\GRAPJE.COM	50535152B9400033DBC687D90100
C:\CRS\G-H\GREEMLIN.COM	95FC5B2EFF07B8AAD5CD213D032A
C:\CRS\G-H\GREEN.COM	5D81ED0B018986160433FFC7454A
C:\CRS\G-H\GRUNE.COM	5D81EDBF008A4600A200018B4601
C:\CRS\G-H\GUNMAN.COM	95BF00018B5D0181EB28028BC78D
C:\CRS\G-H\GUPPY.COM	5EB821358BD8CD21899C95008C84
C:\CRS\G-H\GUPPY-B.COM	5EB821358BD8CD21899C95008C84
C:\CRS\G-H\HACKTIC.COM	BE0001568CC880C4108EC033FFB9
C:\CRS\G-H\HACKTIC2.COM	BB0F00B44ACD218CC280C6108EC2
C:\CRS\G-H\HADDOCK.COM	C6060001E9C606010109C6060201
C:\CRS\G-H\HAF-1641.EXE	5E81EE0301501E060E1F1E33C08E
C:\CRS\G-H\HAFN781.EXE	5E81EE0301501E068CC88ED80633
C:\CRS\G-H\HAFN809.EXE	5E81EE0301501E068CC88ED80633
C:\CRS\G-H\HAFNVRS.EXE	1B5E81EE0301501E068CC88ED806
C:\CRS\G-H\HALLOE.COM	8CD08BD4BC0200368B0E0000E800
C:\CRS\G-H\HALLOECH.COM	8CD08BD4BC0200368B0E0000E800
C:\CRS\G-H\HARAKIRI.EXE	BA39018EDA8C06320033ED8BC405
C:\CRS\G-H\HARYANTO.COM	BB3E0281EB2A018B0F1E5B03CB0E
C:\CRS\G-H\HASTINGS.COM	B41ABAD201CD21B44E33C9BA2801
C:\CRS\G-H\HATE.COM	5B81EBAF03B9A50380378043E2FA
C:\CRS\G-H\HEADCRSH.COM	569C5053515255BE102806B80935
C:\CRS\G-H\HELLRAIS.COM	51BE3A018BFEB96607FCAD330603
C:\CRS\G-H\HELW1376.EXE	5E81EE58015650060E1F8CC00144
C:\CRS\G-H\HERO.COM	BE180181EE00028CD82E01848502
C:\CRS\G-H\HERO-394.EXE	BED00181EE00028CD82E01846703
C:\CRS\G-H\HEYYOU.COM	5BB104D3EB8CC803C350B8120050
C:\CRS\G-H\HEY_YOU.COM	5BB104D3EB8CC803C350B8120050
C:\CRS\G-H\HH&H.COM	50B9F70F8B1E010181C315018037
C:\CRS\G-H\HH&H-B.COM	50B9FB0F8B1E010181C315018037
C:\CRS\G-H\HIDOS.COM	33C08ED8FA8ED0BC007CFBA14E00
C:\CRS\G-H\HILARY.EXE	B40FCD10BB00B83C0274183C0374
C:\CRS\G-H\HITCHCOK.COM	B97005B430CD213C02720AB8FE4B
C:\CRS\G-H\HITCHKOK.COM	B9D007B430CD213C02720AB8FE4B
C:\CRS\G-H\HITLER.COM	5D5581C5FDFEB8AB42CD217365FA
C:\CRS\G-H\HIV.COM	B84D4BCD21907203E926015E568B
C:\CRS\G-H\HNY1600.EXE	5E81EEDC04065733FF8EC726C706
C:\CRS\G-H\HO1154A.COM	5D5351061EF8B8534BCD2172151E
C:\CRS\G-H\HO1154A2.COM	5D5351061EF8B8534BCD2172151E
C:\CRS\G-H\HO1154B.COM	5D5351061EF8B8534BCD2172151E
C:\CRS\G-H\HO1158A.COM	5D5351061EF8B84B4BCD2172151E
C:\CRS\G-H\HO1158A2.COM	5D83ED1A50061E8E060200BF1700
C:\CRS\G-H\HO1160A2.COM	5D5351061EF8B84B4BCD2172151E
C:\CRS\G-H\HO1576A.COM	5D83ED0C061E8E060200BF09001E
C:\CRS\G-H\HO1594A.COM	5D83ED4BFC50061E8E060200BF15
C:\CRS\G-H\HO1610A.COM	5D83ED1A50061E8E060200BF1700
C:\CRS\G-H\HO1776A.COM	5D83ED0C061E268E060200BF0900
C:\CRS\G-H\HO1776A2.COM	5D83ED0C061E268E060200BF0900
C:\CRS\G-H\HO2248A2.COM	28DBB98C08BE5401FCAC30C3E2FB
C:\CRS\G-H\HORSDROP.COM	BA4B02FE0E5C00785FBA6D01E859
C:\CRS\G-H\HORSE1.COM	5D5351061EF8B8534BCD2172151E
C:\CRS\G-H\HORSE2.COM	5D5351061EF8B84B4BCD2172151E
C:\CRS\G-H\HORSE6.COM	5D83ED0C061E8E060200BF09001E
C:\CRS\G-H\HORSEV1.COM	1F00CD2000000000000000000000
C:\CRS\G-H\HORSEV2.COM	0900CD20000000000000435D5351
C:\CRS\G-H\HORSEV3.COM	0A90CD2000000000000043E80000
C:\CRS\G-H\HORSEV4.COM	3600CD2100000000000000000000
C:\CRS\G-H\HUN473.COM	511E50BE2C02B42ACD2181FA0D06
C:\CRS\G-H\HYDRA0.COM	508CC805001033FFB9E002BE0001
C:\CRS\G-H\HYDRA1.COM	508CC805001033FFB99301BE0001
C:\CRS\G-H\HYDRA2.COM	508CC805001033FFB95701BE0001
C:\CRS\G-H\HYDRA3.COM	508CC805001033FFB95601BE0001
C:\CRS\G-H\HYDRA4.COM	508CC805001033FFB95401BE0001
C:\CRS\G-H\HYDRA5.COM	508CC805001033FFB98701BE0001
C:\CRS\G-H\HYDRA6.COM	508CC805001033FFB97401BE0001
C:\CRS\G-H\HYDRA7.COM	508CC805001033FFB97001BE0001
C:\CRS\G-H\HYDRA8.COM	508CC805001033FFB9EF01BE0001
C:\CRS\G-H\HYMN.COM	5E83EE4CFC2E81BC42074D5A740E
C:\CRS\G-H\HYMN1865.EXE	5E83EE4CFC2E81BC42074D5A740E
C:\CRS\G-H\HYMN1962.EXE	5EEB02900383EE082E8A840C00B9
C:\CRS\G-H\HYMN1962.COM	5EEB02900383EE082E8A840C00B9
C:\CRS\G-H\HYMN2144.COM	5E83EE08EB0490012100EB039000
C:\CRS\G-H\HYMNSVER.COM	5EEB02900683EE082E8A840C00B9
C:\CRS\G-H\HAIFA.COM	5468652049424D20506572736F6E
C:\CRS\G-H\HALOCHEN.COM	9090909090909090909090909090


Found 101 files in 1 directories, 101 files seem to be executable.
0 files were checked for changes, 0 files have been changed.

0 files are infected by one or more viruses


