Thunderbyte virus detector v6.11 - (C) Copyright 1989-1994, Thunderbyte B.V.ÿ

TbScan report,  11-29-1994  00:56:39

Parameters:  mo ll=4 co nb nm nh ns hr na ex ba lo ap el ln=c:\data\vir_sigs.rpt c:\cris\e-f\*.*

The Poltergeist



Found 0 files in 0 directories, 0 files seem to be executable.
0 files were checked for changes, 0 files have been changed.

0 files are infected by one or more viruses


Thunderbyte virus detector v6.11 - (C) Copyright 1989-1994, Thunderbyte B.V.ÿ

TbScan report,  11-29-1994  00:56:51

Parameters:  mo ll=4 co nb nm nh ns hr na ex ba lo ap el ln=c:\data\vir_sigs.rpt c:\crs\e-f\*.*

The Poltergeist

C:\CRS\E-F\IVB.NTZ	A1FE0BBAD2BCB0B3B681D1BCB0B2
C:\CRS\E-F\E-COLI~.COM	BE0301B95801813400004646E2F8
C:\CRS\E-F\EAR.COM	BB1301B900022E8137000083C302
C:\CRS\E-F\EARTH.EXE	BF030190B9330281355D014747E2
C:\CRS\E-F\EARTH.COM	FCB4E0CD213D00E0731680FC0372
C:\CRS\E-F\EARTHDAY.COM	5D81ED0601E802038DB61603BF00
C:\CRS\E-F\EARV1.EXE	BE6401BB15002E8137493643434E
C:\CRS\E-F\EARV2.COM	BB1301B901022E8137000083C302
C:\CRS\E-F\EAR_6.COM	BB1301B900022E8137000083C302
C:\CRS\E-F\EDDIE-B.EXE	4564646965206C697665732E2E2E
C:\CRS\E-F\EDDIE2A.COM	5B83EB03502BC08EC026A184002E
C:\CRS\E-F\EDV.COM	B800E833DB8ED8C7078118813F81
C:\CRS\E-F\EGA.EXE	FC062E8C0631002E8C0639002E8C
C:\CRS\E-F\EGG.COM	5D83ED03CD6C3C58746EBBFFFFB4
C:\CRS\E-F\EIGHTUNE.COM	8CC805100250B8C00250CB909090
C:\CRS\E-F\EKOTERR.COM	FA8CC83D40007703E95501051000
C:\CRS\E-F\ELIZA.COM	5053515257568B0E6B05518B3669
C:\CRS\E-F\ELVIS.EXE	FF26040108010000FCE80A00BED4
C:\CRS\E-F\EMF.COM	5DB9200290909090908DB64D008A
C:\CRS\E-F\EMF404A.COM	5DE421500C02E621B94C018DB648
C:\CRS\E-F\EMF625A.COM	5DB9200290909090908DB64D008A
C:\CRS\E-F\EMFII.COM	00000000E800005DB8FFFFCD210B
C:\CRS\E-F\EMULATE.EXE	FC062E8C0631002E8C0639002E8C
C:\CRS\E-F\ENCROACH.EXE	5AB104D3EA83EA108CD903CABA27
C:\CRS\E-F\ENIGMA.COM	FA5B53FBC3000000000000000000
C:\CRS\E-F\ENIGMA2.COM	FA5B53FBC3000000000000000000
C:\CRS\E-F\ETC.COM	B8E953A3FC00B80C01A3FE00BAD0
C:\CRS\E-F\EU92421.COM	5EB8FF4BCD21720A83C62DBF0001
C:\CRS\E-F\EU92421B.COM	5EB8FF4BCD21720A83C62DBF0001
C:\CRS\E-F\EU92424A.COM	5EB8FF4BCD21720A83C62DBF0001
C:\CRS\E-F\EUPM.EXE	2E8C0601008CC88ED8B9A006BF03
C:\CRS\E-F\EUROPE92.COM	5EB8FF4BCD21720A83C62DBF0001
C:\CRS\E-F\EVIL-D.COM	95BF000147033D8BF733C0BA4003
C:\CRS\E-F\EXEV_SR.EXE	BA0A01B409CD21E906090A0D82A0
C:\CRS\E-F\EXEV_SR.COM	BA0A01B409CD21E906090A0D82A0
C:\CRS\E-F\EXPLODE.COM	B44EB120BA8201CD21B8013DBA9E
C:\CRS\E-F\F-WORD.COM	061E0E1FCD12B106D3E08EC0BAC6
C:\CRS\E-F\F1-337.COM	B4F1BE5102FCCD21B44ABB3600CD
C:\CRS\E-F\FACES.COM	FCB4E0CD2180FCE0731680FC0372
C:\CRS\E-F\FALLDROP.COM	BA4B02FE0E5C00785FBA6D01E859
C:\CRS\E-F\FATMAN.COM	FF5D81ED0C01B41A8D96B301CD21
C:\CRS\E-F\FCB.COM	90BE7002BF4B02B92500FCACAAE2
C:\CRS\E-F\FEIST.COM	3C4674434EC604460E1FE885008C
C:\CRS\E-F\FELLOW.EXE	B800D0CD2181FB341275248CC383
C:\CRS\E-F\FF-MOSQ.EXE	5650BE49002E8A242E32261E002E
C:\CRS\E-F\FF-PISEL.EXE	33C08EC0B81100263906FE03752E
C:\CRS\E-F\FF-TOPO.EXE	FA0633C08EC0B82B002687060C00
C:\CRS\E-F\FGT.COM	5053515256579C1EE830028B1E3A
C:\CRS\E-F\FICHV20.COM	2EA073013C2A7503E99F00B80135
C:\CRS\E-F\FICHV21.COM	2EA072013C2A7503E99400B80135
C:\CRS\E-F\FIL.COM	B8C7078BD889C1053936CD213BC1
C:\CRS\E-F\FILEHID2.COM	5E83EE03568B84FB02A300018A84
C:\CRS\E-F\FILEHIDE.COM	5E83EE03568B84FB02A300018A84
C:\CRS\E-F\FINN709.COM	F0B86635FFE0AB436F7079726967
C:\CRS\E-F\FISH.COM	5B81EBA90DB9580D2E80370D43E2
C:\CRS\E-F\FISH#6.COM	5B81EBA90DB9580D2E80371543E2
C:\CRS\E-F\FLASH.COM	1E060E1FFCE800005E8BDE81C30F
C:\CRS\E-F\FLASH688.COM	1E060E1FFCE800005E8BDE81C30F
C:\CRS\E-F\FLDATE11.EXE	501E060E1F1E07BB15002E803731
C:\CRS\E-F\FLEXITUP.COM	5D81ED0300E8CA01B74D4EC22E32
C:\CRS\E-F\FLIP.COM	E2EAE9BCF8F0E9F0E9F0E9F0E9F0
C:\CRS\E-F\FLIP2343.COM	E2F5E90CF8FE12FE12FE12FE12FE
C:\CRS\E-F\FLIPTROJ.COM	FA33C08ED0BC007C1607BB780036
C:\CRS\E-F\FLP2153C.COM	E2F2E9C5F8623862386238623862
C:\CRS\E-F\FLP2153D.COM	E2F1E9CBF8286928692869286928
C:\CRS\E-F\FLP2343.COM	E2F5E90CF8FE12FE12FE12FE12FE
C:\CRS\E-F\FONESEX.COM	B90700B44ECD217309EB4790B44F
C:\CRS\E-F\FORGER.EXE	B203B600B100B500B80102BF6587
C:\CRS\E-F\FORMAT.COM	51BA2A84FC8BF281C69B11BF0001
C:\CRS\E-F\FREEW692.COM	33EDB42ACD2181F9C907720680FE
C:\CRS\E-F\FREEW718.COM	33ED068EC5268B0EFE01268B1EFC
C:\CRS\E-F\FRODO.COM	81FC0001770233E48BE8E8000059
C:\CRS\E-F\FROGS-A.COM	FA505351525657551E06E8E404A1
C:\CRS\E-F\FROGSB.COM	FA505351525657551E06E8E404A1
C:\CRS\E-F\FUCKYOU.COM	061E0E1FCD12B106D3E08EC0BAC6
C:\CRS\E-F\FUTHARK.COM	B89942CD21EB064459CA03CA04B9
C:\CRS\E-F\FYOU-V1.COM	FD07909090909090909090909090
C:\CRS\E-F\FYOU417A.COM	061E0E1FCD12B106D3E08EC0BAC6
C:\CRS\E-F\FACE.COM	B80C0F8BE0F6060401FF7403E9FD
C:\CRS\E-F\FACE2.COM	B80C0F8BE0F6060401FF7403E9FD
C:\CRS\E-F\FROGGIE.COM	BBFFFFB44ACD2181EBF01F7318BA
C:\CRS\E-F\FALCON.EXE	BAC7008EDA8C06380033ED8BC405


Found 87 files in 1 directories, 86 files seem to be executable.
0 files were checked for changes, 0 files have been changed.

0 files are infected by one or more viruses


Thunderbyte virus detector v6.11 - (C) Copyright 1989-1994, Thunderbyte B.V.ÿ

TbScan report,  01-22-1995  22:04:09

Parameters:  mo ll=4 co nh ns hr na ex ba lo ap ln=c:\data\vir_sigs.rpt c:\dd\1\*.*

The Poltergeist

C:\DD\1\!055.EXE	2E8C1E25002E8C1627002E892629
C:\DD\1\1575-E.COM	061E8CC00E1F0E07A335018CD0A3
C:\DD\1\15APR.COM	B84D4B90CD217203E927015E5690
C:\DD\1\4FILES.COM	5E81EE030156E8E3FF5E33C08EC0
C:\DD\1\666-B.COM	B42ACD2180FA0D7471FC5BB8AAD5
C:\DD\1\666.COM	B42ACD2180FA0D7471FC5BB8AAD5
C:\DD\1\66C.COM	5A83EA03525D8BF281C62102BF00
C:\DD\1\7SON.COM	5D81ED0301BE8B0103F5BF0001A5
C:\DD\1\7SON1.COM	5D81ED0301BE8B0103F5BF0001A5
C:\DD\1\7SON2.COM	5D81ED03018DB61602BF0001A5A5
C:\DD\1\7SON332G.COM	5D81ED03018DB61602BF0001A5A5
C:\DD\1\7SON350G.COM	5D81ED0301BE8B0103F5BF0001A5
C:\DD\1\ALA1560B.COM	50B430CD213C027210FCBBFFFFB4
C:\DD\1\ALA1560G.COM	50B430CD213C027210FCBBFFFFB4
C:\DD\1\ALABAMA.COM	50B430CD213C027210FCBBFFFFB4
C:\DD\1\AMILIA.COM	B84D4BCD21907203E925015E568B
C:\DD\1\ANTICST.COM	B84D4BCD217203E926015E568BFE
C:\DD\1\ANTICSTA.COM	B84D4BCD217203E926015E568BFE
C:\DD\1\ANTIFAG.COM	51BAB103FC8BF283C63A90BF0001
C:\DD\1\ARCREAP1.COM	5EB49F53511E06CD2183EE0380FC
C:\DD\1\ARCSCRLL.COM	589681EE17018DBC2B01B9D60280
C:\DD\1\ARCV-10.COM	BA6CFEBF1100E2FE472E81050000
C:\DD\1\ARCV-VX.COM	33F6C784FA03F0FFC784FC030001
C:\DD\1\ARCVREAP.COM	5EB49F53511E06CD2183EE0380FC
C:\DD\1\ARCVSCRG.COM	589681EE17018DBC2B01B9D60280
C:\DD\1\ARCVX2G.COM	33F6C784FA03F0FFC784FC030001
C:\DD\1\ASH-280.COM	5D81ED0B013EC6864702008DB604
C:\DD\1\ASH-743B.COM	5D81ED0B018986160433FFC7454A
C:\DD\1\ASH.COM	5D81ED0B013EC6864702008DB604
C:\DD\1\ASH280G1.COM	5D81ED0B013EC6864702008DB604
C:\DD\1\ASH743G1.COM	5D81ED0B018986160433FFC7454A
C:\DD\1\ATOMIC2B.COM	5D81ED08018DB6A702BF0001A5A5
C:\DD\1\ATOMICV3.COM	5D81ED08018DB6A702BF0001A5A5
C:\DD\1\BADTASTE.COM	B84D4BCD217203E926015E568BFE
C:\DD\1\BAMST-01.COM	BF1001BB01012E8135000047474B
C:\DD\1\BAMST-02.COM	BB1001BA03012E8107000043434A
C:\DD\1\BAMST-03.COM	B80101BD11012E81760000004545
C:\DD\1\BAMST-04.COM	BD1101B803012E81460000004545
C:\DD\1\BAMST-05.COM	BE0301BB10012E8107000043434E
C:\DD\1\BAMST-06.COM	B80101BB10012E81370000434348
C:\DD\1\BAMST-07.COM	B90101BE0F012E813400004646E2
C:\DD\1\BAMST-08.COM	B90301BB0F012E810700004343E2
C:\DD\1\BAMST-09.COM	B90101BD10012E81760000004545
C:\DD\1\BAMST-10.COM	BF0101BB10012E8137000043434F
C:\DD\1\BANDIT.COM	FA5B53FBC3000000000000000000
C:\DD\1\BEAST.COM	BA0301FC8BF283C619BF0001B903
C:\DD\1\BEST-B.COM	0000000000000000000000000000
C:\DD\1\BEST.COM	0000000000000000000000000000
C:\DD\1\BITAD-G.COM	5B83EB0333C08ED8813E860000A0
C:\DD\1\BREEZE.COM	9C505351521E06165657A12C02A3
C:\DD\1\BRENDA.COM	5E81EE0B018BACCE0181C503018D
C:\DD\1\BST1024G.COM	0000000000000000000000000000
C:\DD\1\BUSH.COM	51B80FFFCD213D01017503E95502
C:\DD\1\BW1024B.COM	0000000000000000000000000000
C:\DD\1\CAR446G.COM	5D5581C5FDFEB8CDABCD217344FA
C:\DD\1\CASPER1.COM	9090909090909090909090909090
C:\DD\1\CATANIA.COM	5E81EE030156E8E3FF5E29C05007
C:\DD\1\CEMETERY.COM	B84D4BCD217203E926015E568BFE
C:\DD\1\CH.COM	909090BC00FE505351525556571E
C:\DD\1\CPXK-G.COM	505351525756061EE800005B8BF3
C:\DD\1\CREEP-B.COM	B8FF4390CD218CD82D11008ED880
C:\DD\1\CREEPER.COM	B8FF43CD218CD82D11008ED8803E
C:\DD\1\CRP475G1.COM	B8FF43CD218CD82D11008ED8803E
C:\DD\1\DA-1800C.COM	4564646965206C697665732E2E2E
C:\DD\1\DA-1800G.COM	4564646965206C697665732E2E2E
C:\DD\1\DA-1801G.COM	4564646965206C697665732E2E2E
C:\DD\1\DA-1803G.COM	5E81EE6E00FC2E81BC08074D5A74
C:\DD\1\DA-MIR2.COM	4D2E492E522E202A2D2A2D2A2D2A
C:\DD\1\DA-MIRG1.COM	4D2E492E522E202A2D2A2D2A2D2A
C:\DD\1\DA-OLIVG.COM	42696C6C2074686520436174204C
C:\DD\1\DA-VAR4.COM	42696C6C2074686520436174204C
C:\DD\1\DAM-FIST.COM	00000000E800005DB8FFFFCD210B
C:\DD\1\DAMAGE.COM	95FC5B2EFF07B8AAD590CD213D03
C:\DD\1\DARKLORD.COM	508CC801060B0158EA0001020090
C:\DD\1\DARTH-2.COM	5E83EE038936F000A3FE0031C08E
C:\DD\1\DARTH.COM	5E83EE038936F000A3FE0031C08E
C:\DD\1\DARTH2.COM	5E83EE038936F000A3FE0031C08E
C:\DD\1\DARTH2B.COM	5E83EE038936F000A3FE0031C08E
C:\DD\1\DARTH2G1.COM	5E83EE038936F000A3FE0031C08E
C:\DD\1\DARTH3.COM	5B83EB06A3FE0031C08ED8C406AC
C:\DD\1\DARTH3B.COM	5B83EB06A3FE0031C08ED8C406AC
C:\DD\1\DARTH3G1.COM	5B83EB06A3FE0031C08ED8C406AC
C:\DD\1\DARTH4.COM	5B5033FF8EC7268E06AE00B90010
C:\DD\1\DARTH4B.COM	5B5033FF8EC7268E06AE00B90010
C:\DD\1\DARTH4G1.COM	5B5033FF8EC7268E06AE00B90010
C:\DD\1\DAT1168G.COM	2E8B36010183EE038BC63D000075
C:\DD\1\DCR1168B.COM	2E8B36010183EE038BC63D000075
C:\DD\1\DEI2358G.COM	9C505351521E06165657A12C02A3
C:\DD\1\DI-1K_A2.COM	95FC5B2EFF07B8AAD5CD213D552A
C:\DD\1\DI-1K_B2.COM	95FC5B2EFF07B8AAD5CD213D032A
C:\DD\1\DI-A-G1.COM	95FC5B2EFF07B8AAD5CD213D552A
C:\DD\1\DI-B-G1.COM	95FC5B2EFF07B8AAD5CD213D032A
C:\DD\1\DI-DAVDG.COM	95FC905B9090902EFF0790B8AAD5
C:\DD\1\DI-DMGAG.COM	95FC5B2EFF07B8AAD590CD213D03
C:\DD\1\DI-DMGBG.COM	95FC905B902EFF0790B8AAD590CD
C:\DD\1\DI-DMGE2.COM	95FC5B2EFF07B8AAD590CD213D03
C:\DD\1\DI-GREEM.COM	95FC5B2EFF07B8AAD5CD213D032A
C:\DD\1\DI-GREMG.COM	95FC5B2EFF07B8AAD5CD213D032A
C:\DD\1\DI-LUCI2.COM	95FC905B909090909090902EFF07
C:\DD\1\DI-LUCIG.COM	95FC905B909090909090902EFF07
C:\DD\1\DI-RCKAG.COM	B42ACD2180FA0D7471FC5BB8AAD5
C:\DD\1\DI-ROCK2.COM	B42ACD2180FA0D7471FC5BB8AAD5
C:\DD\1\DI-VAR1.COM	95FC905B9090902EFF0790B8AAD5
C:\DD\1\DIABOLIK.COM	B84D4BCD217203E926015E568BFE
C:\DD\1\DIAMOND.COM	95FC5B2EFF07B8AAD5CD213D032A
C:\DD\1\DR-NO.COM	5E81EE030156E8E3FF5E33C08EC0
C:\DD\1\DT-251B.COM	5E81EE0B018BACD10181C503018D
C:\DD\1\DT-BREN1.COM	5E81EE0B018BACCE0181C503018D
C:\DD\1\DT-BREN2.COM	5E81EE0B018BACCE0181C503018D
C:\DD\1\DT-VAR1.COM	5E81EE0B018BACAE0181C503018D
C:\DD\1\DT-VAR2.COM	5E5681EE0B018BAC1A0281C50301
C:\DD\1\EMF-683.COM	00000000E800005DB8FFFFCD210B
C:\DD\1\EMFII.COM	00000000E800005DB8FFFFCD210B
C:\DD\1\ENGLAND.COM	5E5681EE0B01E80900E80001EB30
C:\DD\1\ENIGMA-A.COM	FA5B53FBC3000000000000000000
C:\DD\1\ENIGMA-B.COM	FA5B53FBC3000000000000000000
C:\DD\1\ERASMUS.COM	B84D4B90CD217203E927015E5690
C:\DD\1\EU92421B.COM	5EB8FF4BCD21720A83C62DBF0001
C:\DD\1\EU92421G.COM	5EB8FF4BCD21720A83C62DBF0001
C:\DD\1\FAGGOT.COM	51BAB103FC8BF283C63A90BF0001
C:\DD\1\FRI416G1.COM	0E50505351525657551E89E5C746
C:\DD\1\GENIUS-C.COM	5D553E8A865D02B93A022E304600
C:\DD\1\GENIUS-D.COM	5D81ED060150535152565755061E
C:\DD\1\GENIUS-E.COM	5D81ED060150535152565755061E
C:\DD\1\GENIUS.COM	5D81ED060150535152565755061E
C:\DD\1\GOLGI20G.COM	5D81ED0301061EB83D3DCD213D3D
C:\DD\1\GOT-732.COM	1E0633C08EC0268B0E8400268B16
C:\DD\1\GOT-906.COM	1E0633C08EC0268B0E8400268B16
C:\DD\1\GOTCHA-B.COM	1E0633C08EC0268B0E8400268B16
C:\DD\1\GOTCHA.COM	1E0633C08EC0268B0E8400268B16
C:\DD\1\GOTCHA1.COM	1E0633C08EC0268B0E8400268B16
C:\DD\1\GOTCHA4.COM	33DBB107E8D500E2FBE85101CD20
C:\DD\1\GOTCHA6.COM	1E0633C08EC0268B0E8400268B16
C:\DD\1\GOTCHA7.COM	1E0633C08EC0268B0E8400268B16
C:\DD\1\GOTCHA9.COM	1E0633C08EC0268B0E8400268B16
C:\DD\1\GOTCHAA1.COM	1E0633C08EC0268B0E8400268B16
C:\DD\1\GP.EXE	B4F7CD2180FCF7730580FC03733A
C:\DD\1\GREEMLIN.COM	95FC5B2EFF07B8AAD5CD213D032A
C:\DD\1\GREEN.COM	5D81ED0B018986160433FFC7454A
C:\DD\1\GREMLIN.COM	95FC5B2EFF07B8AAD5CD213D032A
C:\DD\1\GRITHER.COM	51BA0903FC8BF281C60A00BF0001
C:\DD\1\GRNCAT2G.COM	061E8CC00E1F0E07A335018CD0A3
C:\DD\1\GUPPY-B.COM	5EB821358BD8CD21899C95008C84
C:\DD\1\GUPPY-G1.COM	5EB821358BD8CD21899C95008C84
C:\DD\1\HACKER-B.COM	5D5351061EF8B8534BCD2172151E
C:\DD\1\HIV.COM	B84D4BCD21907203E926015E568B
C:\DD\1\HORSE1.COM	5D5351061EF8B8534BCD2172151E
C:\DD\1\HORSE1B.COM	5D5351061EF8B8534BCD2172151E
C:\DD\1\HORSE2.COM	5D5351061EF8B84B4BCD2172151E
C:\DD\1\HORSE2B2.COM	5D5351061EF8B84B4BCD2172151E
C:\DD\1\HORSE4B.COM	5D83ED0C061E268E060200BF0900
C:\DD\1\HORSE8.COM	28DBB98C08BE5401FCAC30C3E2FB
C:\DD\1\HORSE8B.COM	28DBB98C08BE5401FCAC30C3E2FB
C:\DD\1\HRS1154G.COM	5D5351061EF8B8534BCD2172151E
C:\DD\1\HRS1160G.COM	5D5351061EF8B84B4BCD2172151E
C:\DD\1\HRS1776G.COM	5D83ED0C061E268E060200BF0900
C:\DD\1\HRS2248G.COM	28DBB98C08BE5401FCAC30C3E2FB
C:\DD\1\IGOR.COM	5D81ED060150535152565755061E
C:\DD\1\IRAQUI.COM	5190BA2803FC908BF29083C60A90
C:\DD\1\J-GP1-G1.EXE	B4F7CD2180FCF7730580FC03733A
C:\DD\1\J-MUM12G.COM	0681002E8C0685002E8C0689008C
C:\DD\1\J-SOLOG1.COM	9C56BE03018034B44681FEFC1475
C:\DD\1\J13-1201.COM	1EB80A00908ED8BB0A0090908EDB
C:\DD\1\JD-158G1.COM	BF00015750B90400E800005E83C6
C:\DD\1\JD_158B.COM	BF00015750B90400E800005E83C6
C:\DD\1\JULY13.COM	1EB80A00908ED8BB0A0090908EDB
C:\DD\1\JULY13B.COM	1EB80A00908ED8BB0A0090908EDB
C:\DD\1\KAMASYA.COM	B84D4BCD217203E926015E568BFE
C:\DD\1\KUANG-II.COM	B90300BF0001F3A48BF206B42FCD
C:\DD\1\KUANG.COM	B90300BF0001F3A48BF206B42FCD
C:\DD\1\LESSONG1.COM	4D909090E800005E81C6C200BF00
C:\DD\1\LISBON.COM	51BA5F03FC8BF281C66800BF0001
C:\DD\1\LISBON2.COM	51BAFE02FC8BF281C60A00BF0001
C:\DD\1\M-AMILG1.COM	B84D4BCD21907203E925015E568B
C:\DD\1\M-ANTICG.COM	B84D4BCD217203E926015E568BFE
C:\DD\1\M-CEM-G1.COM	B84D4BCD217203E926015E568BFE
C:\DD\1\M-D1778G.COM	B84D4BCD217203E929015E568BFE
C:\DD\1\M-DIA-G1.COM	B84D4BCD217203E926015E568BFE
C:\DD\1\M-ERA-G1.COM	B84D4B90CD217203E927015E5690
C:\DD\1\M-FINGEG.COM	B84D4BCD217203E926015E568BFE
C:\DD\1\M-HIV-G1.COM	B84D4BCD21907203E926015E568B
C:\DD\1\M-KAM-G1.COM	B84D4BCD217203E926015E568BFE
C:\DD\1\M-MIG-AG.COM	B84D4BCD217203E926015E568BFE
C:\DD\1\M-MIG-BG.COM	B84D4B90CD217203E927015E5690
C:\DD\1\M-MURP4G.COM	B84D4BCD217203E926015E568BFE
C:\DD\1\M-S1835G.COM	B84D4BCD217203E92C015E56908B
C:\DD\1\M-S1841G.COM	B84D4BCD217203E92C015E56908B
C:\DD\1\M-SWAMIG.COM	B84D4B90CD217203E927015E5690
C:\DD\1\M-TORMBG.COM	B84E4BCD217203E926015E568BFE
C:\DD\1\M-TORMDG.COM	B84F4BCD217203E926015E568BFE
C:\DD\1\MADE-G1.COM	5E5681EE0B01E80900E80001EB30
C:\DD\1\MANOWAR.COM	508CC801060B0158EA0001020090
C:\DD\1\MEMORAL.COM	51BA3F03FC8BF283C62D90BF0001
C:\DD\1\MIGRAM.COM	B84D4BCD217203E926015E568BFE
C:\DD\1\NENIGMA.COM	FA5B53FBC3000000000000000000
C:\DD\1\NPOX1686.COM	5D81ED060150535152565755061E
C:\DD\1\NPOX168G.COM	5D81ED060150535152565755061E
C:\DD\1\NPOX1800.COM	5D81ED060150535152565755061E
C:\DD\1\NPOX180G.COM	5D81ED060150535152565755061E
C:\DD\1\NPOX609.COM	5D553E8A865D02B93A022E304600
C:\DD\1\NPOX609G.COM	5D553E8A865D02B93A022E304600
C:\DD\1\NPOX963.COM	5D81ED060150535152565755061E
C:\DD\1\NPOX963G.COM	5D81ED060150535152565755061E
C:\DD\1\NYMPHO10.COM	BD00001E06B83D5DCD213D3D0074
C:\DD\1\OUTLAND.COM	42696C6C2074686520436174204C
C:\DD\1\PARASITE.COM	B90300BF0001F3A48BF206B42FCD
C:\DD\1\PCBB1273.COM	B8C7078BD889C1053936CD213BC1
C:\DD\1\PEST.COM	B84D4BCD217203E926015E568BFE
C:\DD\1\POX-1.COM	5D553E8A865D02B93A022E304600
C:\DD\1\PRED2.COM	8BE5FBB430BB4D49CD213D4D4975
C:\DD\1\PRIME-G1.COM	53BB2B01B94402512EA007013007
C:\DD\1\PS!KO.COM	5E81EE6E00FC2E81BC08074D5A74
C:\DD\1\PSARCV2G.COM	BE1001B9AEFE2E81040000464641
C:\DD\1\PSARCV7G.COM	BAFAFEBD11012E81760000004545
C:\DD\1\PSBAM-01.COM	BF1001BB01012E8135000047474B
C:\DD\1\PSBAM-02.COM	BB1001BA03012E8107000043434A
C:\DD\1\PSBAM-03.COM	B80101BD11012E81760000004545
C:\DD\1\PSBAM-04.COM	BD1101B803012E81460000004545
C:\DD\1\PSBAM-05.COM	BE0301BB10012E8107000043434E
C:\DD\1\PSBAM-07.COM	B90101BE0F012E813400004646E2
C:\DD\1\PSBAM-08.COM	B90301BB0F012E810700004343E2
C:\DD\1\PSBAM-09.COM	B90101BD10012E81760000004545
C:\DD\1\PSDEMOXG.COM	5D81ED03011E060E1F0E078DB679
C:\DD\1\PSDENNSG.COM	BA49FEE2FEBF1100472E81050000
C:\DD\1\REDHAIR.COM	CD202020568BFE03740256A5A55E
C:\DD\1\REDX.COM	5E81EE0301E81A00E81700E8D201
C:\DD\1\SCREAMER.COM	5DB430CD213C02765B33C048CD21
C:\DD\1\SCREAMII.COM	5D558BF52E8A8640032E8A964103
C:\DD\1\SENT-1G1.EXE	BAFC018EDA8C06320033ED8BC405
C:\DD\1\SENT-5G1.COM	BAC2028EDA8C06880033ED8BC405
C:\DD\1\SF-2838G.COM	5D558BF52E8A8640032E8A964103
C:\DD\1\SF-I-G1.COM	5DB430CD213C02765B33C048CD21
C:\DD\1\SF-STRNG.COM	935D8BF556B000B9AF02402E3004
C:\DD\1\SK.COM	5E83EE09B800008ED8893612030E
C:\DD\1\SK20H.COM	5E83EE09B800008ED8893612030E
C:\DD\1\SMALLEX@.COM	5D81ED03011E060E1F0E078DB677
C:\DD\1\SMALLVAR.COM	5D81ED03011E060E1F0E078DB679
C:\DD\1\SVIR-G1.EXE	2E8C1E25002E8C1627002E892629
C:\DD\1\TERR-TG1.COM	508CC801060B0158EA0001020090
C:\DD\1\TERROR-D.COM	508CC801060B0158EA0001020090
C:\DD\1\TERROR2.COM	508CC801060B0158EA0001020090
C:\DD\1\TESTVBG1.COM	0E1FB90D00BE7701BF4601F3A4B4
C:\DD\1\TIDI128B.COM	BE00010E5650568CC880C4108EC0
C:\DD\1\TIMD306G.COM	832EFCFF09BA2AFFB41ACD21E83E
C:\DD\1\TINY117.COM	CD202020568BFE03740256A5A55E
C:\DD\1\TINY177G.COM	5E81EE0B018BACAE0181C503018D
C:\DD\1\TINY251G.COM	5E81EE0B018BACD10181C503018D
C:\DD\1\TINY310G.COM	5E81EE0B018BAC370281C50301E8
C:\DD\1\TINYB.COM	5E81EE0B018BACAE0181C503018D
C:\DD\1\TINYBRNG.COM	5E81EE0B018BACCE0181C503018D
C:\DD\1\TINYC.COM	5E81EE0B018BACB10181C503018D
C:\DD\1\TINYD.COM	5E81EE0B018BACD10181C503018D
C:\DD\1\TINYF.COM	5E81EE0B018BAC370281C50301E8
C:\DD\1\TINYFV11.COM	5E81EE0B018BAC370281C50301E8
C:\DD\1\TINYWILD.COM	5E5681EE0B018BAC1A0281C50301
C:\DD\1\TOL0992G.COM	5E83EE09B800008ED8893612030E
C:\DD\1\TOL1004G.COM	5E83EE09B800008ED8893612030E
C:\DD\1\TOL1147G.COM	5E83EE090E1F0E0789366F04FCBF
C:\DD\1\TOLCRKG1.COM	5E83EE0956FCBF0001B90500F3A4
C:\DD\1\TPE611.COM	5D81ED0301B430CD2181FB434274
C:\DD\1\TPE90210.COM	5D83ED04B8ADDECD213DAAAA7447
C:\DD\1\TRBK306G.COM	0000000000000000000000000000
C:\DD\1\TSOTL.COM	B94000BE8000FF344646E2FAB44E
C:\DD\1\V-353-G1.COM	5BBF00015750FC8D77FAA5A48BF3
C:\DD\1\V-353B.COM	5BBF00015750FC8D77FAA5A48BF3
C:\DD\1\V-367-G1.COM	BF00015750E80100905B83EB1BFC
C:\DD\1\V-367B.COM	BF00015750E80100905B83EB1BFC
C:\DD\1\V-435-G1.COM	5B83EB18FC8D37BF0001B90300F3
C:\DD\1\V-435B.COM	5B83EB18FC8D37BF0001B90300F3
C:\DD\1\V-583A2.COM	BAC202FC8BF283C60A90BF0001B9
C:\DD\1\V-583AG1.COM	BAC202FC8BF283C60A90BF0001B9
C:\DD\1\V-627-G1.COM	51BAFE02FC8BF281C60A00BF0001
C:\DD\1\V-627B.COM	51BAFE02FC8BF281C60A00BF0001
C:\DD\1\V-719G1.COM	51BA4403FC8BF281C61D00B90300
C:\DD\1\V-BETAB2.COM	51BA1C03FC8BF283C61890BF0001
C:\DD\1\V-BETABG.COM	51BA1C03FC8BF283C61890BF0001
C:\DD\1\V-BNB-G1.COM	BA0301FC8BF283C619BF0001B903
C:\DD\1\V-BNB2.COM	BA0301FC8BF283C619BF0001B903
C:\DD\1\V-BUSH.COM	51B80FFFCD213D01017503E95502
C:\DD\1\V-CHVIOB.COM	51BAAD03FC8BF281C69B11BF0001
C:\DD\1\V-FAGGOT.COM	51BAB103FC8BF283C63A90BF0001
C:\DD\1\V-GRITH1.COM	51BA0903FC8BF281C60A00BF0001
C:\DD\1\V-GRITHB.COM	51BA0903FC8BF281C60A00BF0001
C:\DD\1\V-INTRC2.COM	BA7104FC8BF290909090909083C6
C:\DD\1\V-IRAQI2.COM	5190BA2803FC908BF29083C60A90
C:\DD\1\V-IRAQUI.COM	5190BA2803FC908BF29083C60A90
C:\DD\1\V-MEMO2G.COM	51BA3F03FC8BF283C62D90BF0001
C:\DD\1\V-PAR-G1.COM	B90300BF0001F3A48BF206B42FCD
C:\DD\1\V-PAR2BG.COM	B90300BF0001F3A48BF206B42FCD
C:\DD\1\V-PARA_B.COM	B90300BF0001F3A48BF206B42FCD
C:\DD\1\V-SMOB1B.COM	51BAD303FC8BF281C6BF00B90300
C:\DD\1\V-VAR1.COM	51BA5F03FC8BF283C66890BF0001
C:\DD\1\V-VENG2.COM	51BA2703FC8BF283C63DBF0001B9
C:\DD\1\V-VENGEA.COM	51BA2703FC8BF283C63DBF0001B9
C:\DD\1\V-VH348B.COM	5BBF00015750FC8D77FAA5A48BF3
C:\DD\1\V-VHP348.COM	5BBF00015750FC8D77FAA5A48BF3
C:\DD\1\V-VILAG1.COM	51BA4103FC8BF281C64C00B90300
C:\DD\1\V-VILB1G.COM	51BA4103FC8BF283C61D90B90300
C:\DD\1\V-VILB2G.COM	51BA1904FC8BF283C64290B90300
C:\DD\1\V-VILB3C.COM	51BA5F03FC8BF283C66890BF0001
C:\DD\1\V-VILB3G.COM	51BA9903FC8BF283C64490BF0001
C:\DD\1\V-VILB4G.COM	51BAAD03FC8BF281C69B11BF0001
C:\DD\1\V-VIOB2B.COM	51BA1904FC8BF283C64290B90300
C:\DD\1\V-VIOB3B.COM	51BA9903FC8BF283C64490BF0001
C:\DD\1\V-VIOBB.COM	51BA4103FC8BF283C61D90B90300
C:\DD\1\V-VIPER.COM	51BA7703FC8BF29083C60A9090BF
C:\DD\1\V-VIPRZ2.COM	51BA7703FC8BF29083C60A9090BF
C:\DD\1\V1024-A.COM	95FC5B2EFF07B8AAD5CD213D552A
C:\DD\1\V1024.COM	95FC5B2EFF07B8AAD5CD213D552A
C:\DD\1\V2PXCASG.COM	9090909090909090909090909090
C:\DD\1\VCS101.COM	5E81EE030156E8E3FF5E33C08EC0
C:\DD\1\VCSVCSG1.COM	5E81EE030156E8E3FF5E33C08EC0
C:\DD\1\VCS_INF.COM	5E81EE030156E8E3FF5E33C08EC0
C:\DD\1\VENG.COM	51BA2703FC8BF283C63DBF0001B9
C:\DD\1\VHP-348.COM	5BBF00015750FC8D77FAA5A48BF3
C:\DD\1\VHP-353.COM	5BBF00015750FC8D77FAA5A48BF3
C:\DD\1\VHP-367.COM	BF00015750E80100905B83EB1BFC
C:\DD\1\VHP-435.COM	5B83EB18FC8D37BF0001B90300F3
C:\DD\1\VHP-627.COM	51BAFE02FC8BF281C60A00BF0001
C:\DD\1\VIOL-B.COM	51BA4103FC8BF283C61D90B90300
C:\DD\1\VIOL-B2.COM	51BA1904FC8BF283C64290B90300
C:\DD\1\VIOL-B3.COM	51BA9903FC8BF283C64490BF0001
C:\DD\1\VIOL-C.COM	51BA5F03FC8BF283C66890BF0001
C:\DD\1\VIOL.COM	51BAAD03FC8BF281C69B11BF0001
C:\DD\1\VIOLITE.COM	51BA3F03FC8BF281C62101BF0001
C:\DD\1\VIPERIZE.COM	51BA7703FC8BF29083C60A9090BF
C:\DD\1\VIR106E1.COM	909090BC00FE505351525556571E
C:\DD\1\VIRD106E.COM	909090BC00FE505351525556571E
C:\DD\1\VIRDEM.COM	909090BC00FE505351525556571E
C:\DD\1\VIRDKILL.COM	909090BC00FE505351525556571E
C:\DD\1\VIRDLOCK.COM	909090BC00FE505351525556571E
C:\DD\1\VIRDVAR1.COM	909090BC00FE505351525556571E
C:\DD\1\VIRDWOND.COM	909090BC00FE505351525556571E
C:\DD\1\VIRU090G.COM	33D2CC4ABD9E017279737A446F6E
C:\DD\1\VIRU101M.COM	73111A02E90700909090902A2E0A
C:\DD\1\VIRUS-90.COM	33D2CC4ABD9E017279737A446F6E
C:\DD\1\VIRUS.COM	5E81EE030156E8E3FF5E33C08EC0
C:\DD\1\VIRUS101.COM	73111A02E90700909090902A2E0A
C:\DD\1\VIRUS2.COM	51BAFE02FC8BF281C60A00BF0001
C:\DD\1\VIRUS90B.COM	33D2CC4ABD9E017279737A446F6E
C:\DD\1\X-1.COM	B8CD20A30001C7060303F0FFC706
C:\DD\1\Y-BANDT1.COM	FA5B53FBC3000000000000000000
C:\DD\1\Y-BLKWZ2.COM	FA5B53FBC3000000000000000000
C:\DD\1\Y-ENIGM2.COM	FA5B53FBC3000000000000000000
C:\DD\1\Y-YANK1B.COM	FA5B53FBC3000000000000000000
C:\DD\1\YANSHORT.COM	FA5B53FBC3000000000000000000
C:\DD\1\YNK-BLKW.COM	FA5B53FBC3000000000000000000
C:\DD\1\YNK-BNG1.COM	FA5B53FBC3000000000000000000
C:\DD\1\YNK-ENIG.COM	FA5B53FBC3000000000000000000
C:\DD\1\YNK-OLD1.COM	FA5B53FBC3000000000000000000
C:\DD\1\Z-HUNT.COM	5E8EC0BF1C0226803DE8742DB99F
C:\DD\1\ZEROHUG1.COM	5E8EC0BF1C0226803DE8742DB99F
C:\DD\1\PSARCV8G.COM	BAB5FEBB10012E81070000434342
C:\DD\1\PS574G.COM	BB1000B918012E8137000083EBFE
C:\DD\1\V-849G.COM	51BA4703FC8BF281C69C00BF0001
C:\DD\1\TINY180G.COM	5E81EE0B018BACB10181C503018D
C:\DD\1\PS-DEMEX.COM	5D81ED03011E060E1F0E078DB679
C:\DD\1\CEMETARY.EXE	B84D4BCD217203E926015E568BFE
C:\DD\1\CEMETERY.EXE	B84D4BCD217203E926015E568BFE
C:\DD\1\CREEPER.EXE	B8FF43CD218CD82D11008ED8803E
C:\DD\1\CRP475A.EXE	B8FF43CD218CD82D11008ED8803E
C:\DD\1\DA-1800C.EXE	4564646965206C697665732E2E2E
C:\DD\1\DA-1803B.EXE	5E81EE6E00FC2E81BC08074D5A74
C:\DD\1\DA-MIR2.EXE	4D2E492E522E202A2D2A2D2A2D2A
C:\DD\1\DA-OLIVB.EXE	42696C6C2074686520436174204C
C:\DD\1\DARKLORD.EXE	508CC801060B0158EA0001020090
C:\DD\1\DEICIDE3.COM	9C505351521E06165657A12C02A3
C:\DD\1\DI-A2.EXE	95FC5B2EFF07B8AAD5CD213D552A
C:\DD\1\DI-B2.EXE	95FC5B2EFF07B8AAD5CD213D032A
C:\DD\1\DI-DAVDB.EXE	95FC905B9090902EFF0790B8AAD5
C:\DD\1\DI-DMGE2.EXE	95FC5B2EFF07B8AAD590CD213D03
C:\DD\1\DI-GREEM.EXE	95FC5B2EFF07B8AAD5CD213D032A
C:\DD\1\DI-LUCI2.EXE	95FC905B909090909090902EFF07
C:\DD\1\DI-ROCK2.EXE	B42ACD2180FA0D7471FC5BB8AAD5
C:\DD\1\DIABOLIK.EXE	B84D4BCD217203E926015E568BFE
C:\DD\1\DIAMOND.EXE	95FC5B2EFF07B8AAD5CD213D032A
C:\DD\1\DT-117A.COM	CD202020568BFE03740256A5A55E
C:\DD\1\DT-310A.COM	5E81EE0B018BAC370281C50301E8
C:\DD\1\ENIGMA.EXE	FA5B53FBC3000000000000000000
C:\DD\1\EU92421B.EXE	5EB8FF4BCD21720A83C62DBF0001
C:\DD\1\GOTCHA4.EXE	33DBB107E8D500E2FBE85101CD20
C:\DD\1\GOTCHAA1.EXE	1E0633C08EC0268B0E8400268B16
C:\DD\1\HIV.EXE	B84D4BCD21907203E926015E568B
C:\DD\1\HO1154A2.EXE	5D5351061EF8B8534BCD2172151E
C:\DD\1\HO1160A2.EXE	5D5351061EF8B84B4BCD2172151E
C:\DD\1\HO1776A2.EXE	5D83ED0C061E268E060200BF0900
C:\DD\1\HO2248A2.EXE	28DBB98C08BE5401FCAC30C3E2FB
C:\DD\1\JULY13B.EXE	1EB80A00908ED8BB0A0090908EDB
C:\DD\1\LESSON1B.COM	4D909090E800005E81C6C200BF00
C:\DD\1\M-AMIL_B.EXE	B84D4BCD21907203E925015E568B
C:\DD\1\M-ANTIC2.EXE	B84D4BCD217203E926015E568BFE
C:\DD\1\M-CEMTR2.EXE	B84D4BCD217203E926015E568BFE
C:\DD\1\M-DIABL2.EXE	B84D4BCD217203E926015E568BFE
C:\DD\1\M-ERASM2.EXE	B84D4B90CD217203E927015E5690
C:\DD\1\M-FINGER.EXE	B84D4BCD217203E926015E568BFE
C:\DD\1\M-HIV2.EXE	B84D4BCD21907203E926015E568B
C:\DD\1\M-KMSYA2.EXE	B84D4BCD217203E926015E568BFE
C:\DD\1\M-MIGRA2.EXE	B84D4BCD217203E926015E568BFE
C:\DD\1\M-MIGRB2.EXE	B84D4B90CD217203E927015E5690
C:\DD\1\M-MURP4B.EXE	B84D4BCD217203E926015E568BFE
C:\DD\1\M-SM1842.EXE	B84D4BCD217203E92C015E56908B
C:\DD\1\M-SWAMIB.EXE	B84D4B90CD217203E927015E5690
C:\DD\1\M-TORMD2.EXE	B84F4BCD217203E926015E568BFE
C:\DD\1\MADE-B.COM	5E5681EE0B01E80900E80001EB30
C:\DD\1\MPALIEN1.EXE	B81501BF10002E81350000474748
C:\DD\1\MPALIEN3.EXE	BD1100BA30012E81460000004545
C:\DD\1\MPARCV2.EXE	BE1001B9AEFE2E81040000464641
C:\DD\1\MPARCV7B.EXE	BAFAFEBD11012E81760000004545
C:\DD\1\MUAD'DIB.EXE	505351525756061EE800005B8BF3
C:\DD\1\NPOX1686.EXE	5D81ED060150535152565755061E
C:\DD\1\NPOX1800.EXE	5D81ED060150535152565755061E
C:\DD\1\NPOX609.EXE	5D553E8A865D02B93A022E304600
C:\DD\1\NPOX963.EXE	5D81ED060150535152565755061E
C:\DD\1\PRIME-B.COM	53BB2B01B94402512EA007013007
C:\DD\1\SF-IIA2.COM	5D558BF52E8A8640032E8A964103
C:\DD\1\SF-SCRM2.EXE	5DB430CD213C02765B33C048CD21
C:\DD\1\SMALLEX2.COM	5D81ED03011E060E1F0E078DB679
C:\DD\1\SMALLEXE.COM	5D81ED03011E060E1F0E078DB677
C:\DD\1\SMOB1A.COM	51BAD303FC8BF281C6BF00B90300
C:\DD\1\T-DI128B.COM	BE00010E5650568CC880C4108EC0
C:\DD\1\TERROR-D.EXE	508CC801060B0158EA0001020090
C:\DD\1\TERROR2.EXE	508CC801060B0158EA0001020090
C:\DD\1\TOL0992A.COM	5E83EE09B800008ED8893612030E
C:\DD\1\TOL1004B.COM	5E83EE09B800008ED8893612030E
C:\DD\1\TOL1147A.COM	5E83EE090E1F0E0789366F04FCBF
C:\DD\1\V-719A.COM	51BA4403FC8BF281C61D00B90300
C:\DD\1\V-MEM20B.COM	51BA3F03FC8BF283C62D90BF0001
C:\DD\1\V-PARA1B.COM	B90300BF0001F3A48BF206B42FCD
C:\DD\1\V-VIOB1B.COM	51BA4103FC8BF283C61D90B90300
C:\DD\1\V-VIOB3D.COM	51BA5F03FC8BF283C66890BF0001
C:\DD\1\V-VIOB4B.COM	51BAAD03FC8BF281C69B11BF0001
C:\DD\1\VIRUS90B.EXE	33D2CC4ABD9E017279737A446F6E
C:\DD\1\V_LES1.COM	4D909090E800005E81C6C200BF00
C:\DD\1\Y-BANDT1.EXE	FA5B53FBC3000000000000000000
C:\DD\1\Y-BLKWZ2.EXE	FA5B53FBC3000000000000000000
C:\DD\1\Y-ENIGM2.EXE	FA5B53FBC3000000000000000000
C:\DD\1\Y-YANK1B.EXE	FA5B53FBC3000000000000000000
C:\DD\1\YANSHORT.EXE	FA5B53FBC3000000000000000000
C:\DD\1\SCAN.RPT	5669727573207363616E6E696E67
C:\DD\1\FILE_ID.DIZ	FE2DFE2DFE2DFE2DFE2DFE2DFE2D
C:\DD\1\IVB.NTZ	A1FE0ACECAC8CAD2BAD1BCB0B200
C:\DD\1\VIR.VIR	A1FE0ACECAC8CAD2BAD1BCB0B200


Found 442 files in 1 directories, 440 files seem to be executable.
0 files were checked for changes, 0 files have been changed.

0 files are infected by one or more viruses


Thunderbyte virus detector v6.11 - (C) Copyright 1989-1994, Thunderbyte B.V.ÿ

TbScan report,  01-22-1995  22:05:31

Parameters:  mo ll=4 co nh ns hr na ex ba lo ap ln=c:\data\vir_sigs.rpt c:\crs\e-f\*.*

The Poltergeist

C:\CRS\E-F\IVB.NTZ	A1FE0BBAD2BCB0B3B681D1BCB0B2
C:\CRS\E-F\E-COLI~.COM	BE0301B95801813400004646E2F8
C:\CRS\E-F\EAR.COM	BB1301B900022E8137000083C302
C:\CRS\E-F\EARTH.EXE	BF030190B9330281355D014747E2
C:\CRS\E-F\EARTH.COM	FCB4E0CD213D00E0731680FC0372
C:\CRS\E-F\EARTHDAY.COM	5D81ED0601E802038DB61603BF00
C:\CRS\E-F\EARV1.EXE	BE6401BB15002E8137493643434E
C:\CRS\E-F\EARV2.COM	BB1301B901022E8137000083C302
C:\CRS\E-F\EAR_6.COM	BB1301B900022E8137000083C302
C:\CRS\E-F\EDDIE-B.EXE	4564646965206C697665732E2E2E
C:\CRS\E-F\EDDIE2A.COM	5B83EB03502BC08EC026A184002E
C:\CRS\E-F\EDV.COM	B800E833DB8ED8C7078118813F81
C:\CRS\E-F\EGA.EXE	FC062E8C0631002E8C0639002E8C
C:\CRS\E-F\EGG.COM	5D83ED03CD6C3C58746EBBFFFFB4
C:\CRS\E-F\EIGHTUNE.COM	8CC805100250B8C00250CB909090
C:\CRS\E-F\EKOTERR.COM	FA8CC83D40007703E95501051000
C:\CRS\E-F\ELIZA.COM	5053515257568B0E6B05518B3669
C:\CRS\E-F\ELVIS.EXE	FF26040108010000FCE80A00BED4
C:\CRS\E-F\EMF.COM	5DB9200290909090908DB64D008A
C:\CRS\E-F\EMF404A.COM	5DE421500C02E621B94C018DB648
C:\CRS\E-F\EMF625A.COM	5DB9200290909090908DB64D008A
C:\CRS\E-F\EMFII.COM	00000000E800005DB8FFFFCD210B
C:\CRS\E-F\EMULATE.EXE	FC062E8C0631002E8C0639002E8C
C:\CRS\E-F\ENCROACH.EXE	5AB104D3EA83EA108CD903CABA27
C:\CRS\E-F\ENIGMA.COM	FA5B53FBC3000000000000000000
C:\CRS\E-F\ENIGMA2.COM	FA5B53FBC3000000000000000000
C:\CRS\E-F\ETC.COM	B8E953A3FC00B80C01A3FE00BAD0
C:\CRS\E-F\EU92421.COM	5EB8FF4BCD21720A83C62DBF0001
C:\CRS\E-F\EU92421B.COM	5EB8FF4BCD21720A83C62DBF0001
C:\CRS\E-F\EU92424A.COM	5EB8FF4BCD21720A83C62DBF0001
C:\CRS\E-F\EUPM.EXE	2E8C0601008CC88ED8B9A006BF03
C:\CRS\E-F\EUROPE92.COM	5EB8FF4BCD21720A83C62DBF0001
C:\CRS\E-F\EVIL-D.COM	95BF000147033D8BF733C0BA4003
C:\CRS\E-F\EXEV_SR.EXE	BA0A01B409CD21E906090A0D82A0
C:\CRS\E-F\EXEV_SR.COM	BA0A01B409CD21E906090A0D82A0
C:\CRS\E-F\EXPLODE.COM	B44EB120BA8201CD21B8013DBA9E
C:\CRS\E-F\F-WORD.COM	061E0E1FCD12B106D3E08EC0BAC6
C:\CRS\E-F\F1-337.COM	B4F1BE5102FCCD21B44ABB3600CD
C:\CRS\E-F\FACES.COM	FCB4E0CD2180FCE0731680FC0372
C:\CRS\E-F\FALLDROP.COM	BA4B02FE0E5C00785FBA6D01E859
C:\CRS\E-F\FATMAN.COM	FF5D81ED0C01B41A8D96B301CD21
C:\CRS\E-F\FCB.COM	90BE7002BF4B02B92500FCACAAE2
C:\CRS\E-F\FEIST.COM	3C4674434EC604460E1FE885008C
C:\CRS\E-F\FELLOW.EXE	B800D0CD2181FB341275248CC383
C:\CRS\E-F\FF-MOSQ.EXE	5650BE49002E8A242E32261E002E
C:\CRS\E-F\FF-PISEL.EXE	33C08EC0B81100263906FE03752E
C:\CRS\E-F\FF-TOPO.EXE	FA0633C08EC0B82B002687060C00
C:\CRS\E-F\FGT.COM	5053515256579C1EE830028B1E3A
C:\CRS\E-F\FICHV20.COM	2EA073013C2A7503E99F00B80135
C:\CRS\E-F\FICHV21.COM	2EA072013C2A7503E99400B80135
C:\CRS\E-F\FIL.COM	B8C7078BD889C1053936CD213BC1
C:\CRS\E-F\FILEHID2.COM	5E83EE03568B84FB02A300018A84
C:\CRS\E-F\FILEHIDE.COM	5E83EE03568B84FB02A300018A84
C:\CRS\E-F\FINN709.COM	F0B86635FFE0AB436F7079726967
C:\CRS\E-F\FISH.COM	5B81EBA90DB9580D2E80370D43E2
C:\CRS\E-F\FISH#6.COM	5B81EBA90DB9580D2E80371543E2
C:\CRS\E-F\FLASH.COM	1E060E1FFCE800005E8BDE81C30F
C:\CRS\E-F\FLASH688.COM	1E060E1FFCE800005E8BDE81C30F
C:\CRS\E-F\FLDATE11.EXE	501E060E1F1E07BB15002E803731
C:\CRS\E-F\FLEXITUP.COM	5D81ED0300E8CA01B74D4EC22E32
C:\CRS\E-F\FLIP.COM	E2EAE9BCF8F0E9F0E9F0E9F0E9F0
C:\CRS\E-F\FLIP2343.COM	E2F5E90CF8FE12FE12FE12FE12FE
C:\CRS\E-F\FLIPTROJ.COM	FA33C08ED0BC007C1607BB780036
C:\CRS\E-F\FLP2153C.COM	E2F2E9C5F8623862386238623862
C:\CRS\E-F\FLP2153D.COM	E2F1E9CBF8286928692869286928
C:\CRS\E-F\FLP2343.COM	E2F5E90CF8FE12FE12FE12FE12FE
C:\CRS\E-F\FONESEX.COM	B90700B44ECD217309EB4790B44F
C:\CRS\E-F\FORGER.EXE	B203B600B100B500B80102BF6587
C:\CRS\E-F\FORMAT.COM	51BA2A84FC8BF281C69B11BF0001
C:\CRS\E-F\FREEW692.COM	33EDB42ACD2181F9C907720680FE
C:\CRS\E-F\FREEW718.COM	33ED068EC5268B0EFE01268B1EFC
C:\CRS\E-F\FRODO.COM	81FC0001770233E48BE8E8000059
C:\CRS\E-F\FROGS-A.COM	FA505351525657551E06E8E404A1
C:\CRS\E-F\FROGSB.COM	FA505351525657551E06E8E404A1
C:\CRS\E-F\FUCKYOU.COM	061E0E1FCD12B106D3E08EC0BAC6
C:\CRS\E-F\FUTHARK.COM	B89942CD21EB064459CA03CA04B9
C:\CRS\E-F\FYOU-V1.COM	FD07909090909090909090909090
C:\CRS\E-F\FYOU417A.COM	061E0E1FCD12B106D3E08EC0BAC6
C:\CRS\E-F\FACE.COM	B80C0F8BE0F6060401FF7403E9FD
C:\CRS\E-F\FACE2.COM	B80C0F8BE0F6060401FF7403E9FD
C:\CRS\E-F\FROGGIE.COM	BBFFFFB44ACD2181EBF01F7318BA
C:\CRS\E-F\FALCON.EXE	BAC7008EDA8C06380033ED8BC405
C:\CRS\E-F\VIR.VIR	A1FE0BBAD2BCB0B3B681D1BCB0B2


Found 88 files in 1 directories, 86 files seem to be executable.
0 files were checked for changes, 0 files have been changed.

0 files are infected by one or more viruses


Thunderbyte virus detector v6.11 - (C) Copyright 1989-1994, Thunderbyte B.V.ÿ

TbScan report,  01-22-1995  22:05:58

Parameters:  mo ll=4 co nh ns hr na ex ba lo ap ln=c:\data\vir_sigs.rpt c:\crs\g-h\*.*

The Poltergeist

C:\CRS\G-H\IVB.NTZ	A1FE08B8BABAB4D1BCB0B2000000
C:\CRS\G-H\GAME770.EXE	8B360101BF000103F756B90300FC
C:\CRS\G-H\GEEK.COM	0EBE4C0156C3EB1B546865207669
C:\CRS\G-H\GEN12.COM	5D81ED0601E8C7028DB6D302BF00
C:\CRS\G-H\GENERIC.COM	909090B8000026A38F0226A39102
C:\CRS\G-H\GENGHIS.COM	5E372D2D2D3E205E3552656E6567
C:\CRS\G-H\GERG-182.COM	A1AB0150B41ABA80FFCD21B44EBA
C:\CRS\G-H\GERG_222.COM	A14C0150BA80FFB41ACD21B92000
C:\CRS\G-H\GERG_300.COM	A18D0150BA80FFB41ACD21BA2902
C:\CRS\G-H\GERG_450.COM	A1910150BA80FFB41ACD21BABF02
C:\CRS\G-H\GERG_512.COM	A1580150C7062C020000BA80FFB4
C:\CRS\G-H\GETCLOCK.COM	80FC3D741480FC3C740F80FC3E74
C:\CRS\G-H\GHOST.COM	51BA1803FC8BF281C60A00BF0001
C:\CRS\G-H\GIRAFFE.COM	5039F729C081C845C1BE7AC09393
C:\CRS\G-H\GLISS.COM	5EE8A70183BCDF04017402CD20E8
C:\CRS\G-H\GOBLIN.COM	BE26018BFE8B0E08018B160201B8
C:\CRS\G-H\GOLDGELD.COM	BE000156B91F03C704CA73C64402
C:\CRS\G-H\GOOBER.COM	5D81ED06018DB6B002BF000157A5
C:\CRS\G-H\GOOBER2.COM	5D81ED06018DB60803BF000157A5
C:\CRS\G-H\GOSIA.COM	BE91055681C64401B90300BF0001
C:\CRS\G-H\GOTCHA17.COM	5E83EE1CBF0001FC2E807C180074
C:\CRS\G-H\GOTCHA4.COM	33DBB107E8D500E2FBE85101CD20
C:\CRS\G-H\GOTCHA9.COM	1E0633C08EC0268B0E8400268B16
C:\CRS\G-H\GOTCHAA.COM	5B81EBC0039CFC2E80BF39010074
C:\CRS\G-H\GOTCHAA1.COM	1E0633C08EC0268B0E8400268B16
C:\CRS\G-H\GOTCHAB.COM	5B81EBC2039CFC2E80BF39010074
C:\CRS\G-H\GOTCHAE.COM	5B81EB3602FC8BC3050E018BF0BF
C:\CRS\G-H\GRAPJE.COM	50535152B9400033DBC687D90100
C:\CRS\G-H\GREEMLIN.COM	95FC5B2EFF07B8AAD5CD213D032A
C:\CRS\G-H\GREEN.COM	5D81ED0B018986160433FFC7454A
C:\CRS\G-H\GRUNE.COM	5D81EDBF008A4600A200018B4601
C:\CRS\G-H\GUNMAN.COM	95BF00018B5D0181EB28028BC78D
C:\CRS\G-H\GUPPY.COM	5EB821358BD8CD21899C95008C84
C:\CRS\G-H\GUPPY-B.COM	5EB821358BD8CD21899C95008C84
C:\CRS\G-H\HACKTIC.COM	BE0001568CC880C4108EC033FFB9
C:\CRS\G-H\HACKTIC2.COM	BB0F00B44ACD218CC280C6108EC2
C:\CRS\G-H\HADDOCK.COM	C6060001E9C606010109C6060201
C:\CRS\G-H\HAF-1641.EXE	5E81EE0301501E060E1F1E33C08E
C:\CRS\G-H\HAFN781.EXE	5E81EE0301501E068CC88ED80633
C:\CRS\G-H\HAFN809.EXE	5E81EE0301501E068CC88ED80633
C:\CRS\G-H\HAFNVRS.EXE	1B5E81EE0301501E068CC88ED806
C:\CRS\G-H\HALLOE.COM	8CD08BD4BC0200368B0E0000E800
C:\CRS\G-H\HALLOECH.COM	8CD08BD4BC0200368B0E0000E800
C:\CRS\G-H\HARAKIRI.EXE	BA39018EDA8C06320033ED8BC405
C:\CRS\G-H\HARYANTO.COM	BB3E0281EB2A018B0F1E5B03CB0E
C:\CRS\G-H\HASTINGS.COM	B41ABAD201CD21B44E33C9BA2801
C:\CRS\G-H\HATE.COM	5B81EBAF03B9A50380378043E2FA
C:\CRS\G-H\HEADCRSH.COM	569C5053515255BE102806B80935
C:\CRS\G-H\HELLRAIS.COM	51BE3A018BFEB96607FCAD330603
C:\CRS\G-H\HELW1376.EXE	5E81EE58015650060E1F8CC00144
C:\CRS\G-H\HERO.COM	BE180181EE00028CD82E01848502
C:\CRS\G-H\HERO-394.EXE	BED00181EE00028CD82E01846703
C:\CRS\G-H\HEYYOU.COM	5BB104D3EB8CC803C350B8120050
C:\CRS\G-H\HEY_YOU.COM	5BB104D3EB8CC803C350B8120050
C:\CRS\G-H\HH&H.COM	50B9F70F8B1E010181C315018037
C:\CRS\G-H\HH&H-B.COM	50B9FB0F8B1E010181C315018037
C:\CRS\G-H\HIDOS.COM	33C08ED8FA8ED0BC007CFBA14E00
C:\CRS\G-H\HILARY.EXE	B40FCD10BB00B83C0274183C0374
C:\CRS\G-H\HITCHCOK.COM	B97005B430CD213C02720AB8FE4B
C:\CRS\G-H\HITCHKOK.COM	B9D007B430CD213C02720AB8FE4B
C:\CRS\G-H\HITLER.COM	5D5581C5FDFEB8AB42CD217365FA
C:\CRS\G-H\HIV.COM	B84D4BCD21907203E926015E568B
C:\CRS\G-H\HNY1600.EXE	5E81EEDC04065733FF8EC726C706
C:\CRS\G-H\HO1154A.COM	5D5351061EF8B8534BCD2172151E
C:\CRS\G-H\HO1154A2.COM	5D5351061EF8B8534BCD2172151E
C:\CRS\G-H\HO1154B.COM	5D5351061EF8B8534BCD2172151E
C:\CRS\G-H\HO1158A.COM	5D5351061EF8B84B4BCD2172151E
C:\CRS\G-H\HO1158A2.COM	5D83ED1A50061E8E060200BF1700
C:\CRS\G-H\HO1160A2.COM	5D5351061EF8B84B4BCD2172151E
C:\CRS\G-H\HO1576A.COM	5D83ED0C061E8E060200BF09001E
C:\CRS\G-H\HO1594A.COM	5D83ED4BFC50061E8E060200BF15
C:\CRS\G-H\HO1610A.COM	5D83ED1A50061E8E060200BF1700
C:\CRS\G-H\HO1776A.COM	5D83ED0C061E268E060200BF0900
C:\CRS\G-H\HO1776A2.COM	5D83ED0C061E268E060200BF0900
C:\CRS\G-H\HO2248A2.COM	28DBB98C08BE5401FCAC30C3E2FB
C:\CRS\G-H\HORSDROP.COM	BA4B02FE0E5C00785FBA6D01E859
C:\CRS\G-H\HORSE1.COM	5D5351061EF8B8534BCD2172151E
C:\CRS\G-H\HORSE2.COM	5D5351061EF8B84B4BCD2172151E
C:\CRS\G-H\HORSE6.COM	5D83ED0C061E8E060200BF09001E
C:\CRS\G-H\HORSEV1.COM	1F00CD2000000000000000000000
C:\CRS\G-H\HORSEV2.COM	0900CD20000000000000435D5351
C:\CRS\G-H\HORSEV3.COM	0A90CD2000000000000043E80000
C:\CRS\G-H\HORSEV4.COM	3600CD2100000000000000000000
C:\CRS\G-H\HUN473.COM	511E50BE2C02B42ACD2181FA0D06
C:\CRS\G-H\HYDRA0.COM	508CC805001033FFB9E002BE0001
C:\CRS\G-H\HYDRA1.COM	508CC805001033FFB99301BE0001
C:\CRS\G-H\HYDRA2.COM	508CC805001033FFB95701BE0001
C:\CRS\G-H\HYDRA3.COM	508CC805001033FFB95601BE0001
C:\CRS\G-H\HYDRA4.COM	508CC805001033FFB95401BE0001
C:\CRS\G-H\HYDRA5.COM	508CC805001033FFB98701BE0001
C:\CRS\G-H\HYDRA6.COM	508CC805001033FFB97401BE0001
C:\CRS\G-H\HYDRA7.COM	508CC805001033FFB97001BE0001
C:\CRS\G-H\HYDRA8.COM	508CC805001033FFB9EF01BE0001
C:\CRS\G-H\HYMN.COM	5E83EE4CFC2E81BC42074D5A740E
C:\CRS\G-H\HYMN1865.EXE	5E83EE4CFC2E81BC42074D5A740E
C:\CRS\G-H\HYMN1962.EXE	5EEB02900383EE082E8A840C00B9
C:\CRS\G-H\HYMN1962.COM	5EEB02900383EE082E8A840C00B9
C:\CRS\G-H\HYMN2144.COM	5E83EE08EB0490012100EB039000
C:\CRS\G-H\HYMNSVER.COM	5EEB02900683EE082E8A840C00B9
C:\CRS\G-H\HAIFA.COM	5468652049424D20506572736F6E
C:\CRS\G-H\HALOCHEN.COM	9090909090909090909090909090
C:\CRS\G-H\VIR.VIR	A1FE08B8BABAB4D1BCB0B2000000


Found 102 files in 1 directories, 102 files seem to be executable.
0 files were checked for changes, 0 files have been changed.

0 files are infected by one or more viruses


