FOWIN_REPORT4
TITLEIndividual Report
SORT_BY1000010FSurname
BLANK_ROWS0
FONT1018FFFTimes New Roman
TEXT440104LNAME:
TEXT551105LBORN:
TEXT661105LMARR:
TEXT770104LDIED:
FIELD441164731000070F LSurname, Given
FIELD5511622012FILBirth date
FIELD6611622022FMLMarriage date
FIELD7711622032FILDeath date
TEXT55230263Lin
TEXT66230260Lin
TEXT77230264Lin
FIELD5526563413FILBirth place
FIELD6626563423FMLMarriage place
FIELD7726663433FILDeath place
TEXT881105LSPOUSE:
TEXT991105LFATHER:
TEXT10100104LMOTHER:
FIELD881164741000110F LSpouse's name
FIELD991164741000120F LFather's name
FIELD10101164741000130F LMother's name
TEXT11110396L--------------------------------------------------------------------------------
